<?xml version="1.0" encoding="UTF-8"?>
<testng-results ignored="0" total="58" passed="57" failed="1" skipped="0">
  <reporter-output>
  </reporter-output>
  <suite started-at="2024-01-19T09:55:02 EST" name="Default suite" finished-at="2024-01-19T09:55:56 EST" duration-ms="54488">
    <groups>
      <group name="cucumber">
        <method signature="AbstractTestNGCucumberTests.runScenario(io.cucumber.testng.PickleWrapper,io.cucumber.testng.FeatureWrapper)[pri:0, instance:testrunner.testngrunner@38d8f54a]" name="runScenario" class="io.cucumber.testng.AbstractTestNGCucumberTests"/>
      </group> <!-- cucumber -->
    </groups>
    <test started-at="2024-01-19T09:55:02 EST" name="Default test" finished-at="2024-01-19T09:55:56 EST" duration-ms="54488">
      <class name="testrunner.testngrunner">
        <test-method is-config="true" signature="setUpClass(org.testng.ITestContext)[pri:0, instance:testrunner.testngrunner@38d8f54a]" started-at="2024-01-19T09:55:02 EST" name="setUpClass" finished-at="2024-01-19T09:55:02 EST" duration-ms="116" status="PASS">
          <params>
            <param index="0">
              <value>
                <![CDATA[org.testng.TestRunner@335ff774]]>
              </value>
            </param>
          </params>
          <reporter-output>
          </reporter-output>
        </test-method> <!-- setUpClass -->
        <test-method signature="runScenario(io.cucumber.testng.PickleWrapper,io.cucumber.testng.FeatureWrapper)[pri:0, instance:testrunner.testngrunner@38d8f54a]" started-at="2024-01-19T09:55:02 EST" name="runScenario" description="Runs Cucumber Scenarios" data-provider="scenarios" finished-at="2024-01-19T09:55:04 EST" duration-ms="1764" status="PASS">
          <params>
            <param index="0">
              <value>
                <![CDATA["Open Ds Education site to get start"]]>
              </value>
            </param>
            <param index="1">
              <value>
                <![CDATA["Automation of DsPortal app  site"]]>
              </value>
            </param>
          </params>
          <reporter-output>
          </reporter-output>
        </test-method> <!-- runScenario -->
        <test-method signature="runScenario(io.cucumber.testng.PickleWrapper,io.cucumber.testng.FeatureWrapper)[pri:0, instance:testrunner.testngrunner@38d8f54a]" started-at="2024-01-19T09:55:04 EST" name="runScenario" description="Runs Cucumber Scenarios" data-provider="scenarios" finished-at="2024-01-19T09:55:05 EST" duration-ms="1661" status="PASS">
          <params>
            <param index="0">
              <value>
                <![CDATA["home"]]>
              </value>
            </param>
            <param index="1">
              <value>
                <![CDATA["Automates array page"]]>
              </value>
            </param>
          </params>
          <reporter-output>
          </reporter-output>
        </test-method> <!-- runScenario -->
        <test-method signature="runScenario(io.cucumber.testng.PickleWrapper,io.cucumber.testng.FeatureWrapper)[pri:0, instance:testrunner.testngrunner@38d8f54a]" started-at="2024-01-19T09:55:05 EST" name="runScenario" description="Runs Cucumber Scenarios" data-provider="scenarios" finished-at="2024-01-19T09:55:07 EST" duration-ms="1078" status="PASS">
          <params>
            <param index="0">
              <value>
                <![CDATA["subtopics"]]>
              </value>
            </param>
            <param index="1">
              <value>
                <![CDATA["Automates array page"]]>
              </value>
            </param>
          </params>
          <reporter-output>
          </reporter-output>
        </test-method> <!-- runScenario -->
        <test-method signature="runScenario(io.cucumber.testng.PickleWrapper,io.cucumber.testng.FeatureWrapper)[pri:0, instance:testrunner.testngrunner@38d8f54a]" started-at="2024-01-19T09:55:07 EST" name="runScenario" description="Runs Cucumber Scenarios" data-provider="scenarios" finished-at="2024-01-19T09:55:07 EST" duration-ms="610" status="PASS">
          <params>
            <param index="0">
              <value>
                <![CDATA["subtopics"]]>
              </value>
            </param>
            <param index="1">
              <value>
                <![CDATA["Automates array page"]]>
              </value>
            </param>
          </params>
          <reporter-output>
          </reporter-output>
        </test-method> <!-- runScenario -->
        <test-method signature="runScenario(io.cucumber.testng.PickleWrapper,io.cucumber.testng.FeatureWrapper)[pri:0, instance:testrunner.testngrunner@38d8f54a]" started-at="2024-01-19T09:55:07 EST" name="runScenario" description="Runs Cucumber Scenarios" data-provider="scenarios" finished-at="2024-01-19T09:55:08 EST" duration-ms="624" status="PASS">
          <params>
            <param index="0">
              <value>
                <![CDATA["subtopics"]]>
              </value>
            </param>
            <param index="1">
              <value>
                <![CDATA["Automates array page"]]>
              </value>
            </param>
          </params>
          <reporter-output>
          </reporter-output>
        </test-method> <!-- runScenario -->
        <test-method signature="runScenario(io.cucumber.testng.PickleWrapper,io.cucumber.testng.FeatureWrapper)[pri:0, instance:testrunner.testngrunner@38d8f54a]" started-at="2024-01-19T09:55:08 EST" name="runScenario" description="Runs Cucumber Scenarios" data-provider="scenarios" finished-at="2024-01-19T09:55:08 EST" duration-ms="649" status="PASS">
          <params>
            <param index="0">
              <value>
                <![CDATA["subtopics"]]>
              </value>
            </param>
            <param index="1">
              <value>
                <![CDATA["Automates array page"]]>
              </value>
            </param>
          </params>
          <reporter-output>
          </reporter-output>
        </test-method> <!-- runScenario -->
        <test-method signature="runScenario(io.cucumber.testng.PickleWrapper,io.cucumber.testng.FeatureWrapper)[pri:0, instance:testrunner.testngrunner@38d8f54a]" started-at="2024-01-19T09:55:08 EST" name="runScenario" description="Runs Cucumber Scenarios" data-provider="scenarios" finished-at="2024-01-19T09:55:09 EST" duration-ms="400" status="PASS">
          <params>
            <param index="0">
              <value>
                <![CDATA["practise questions"]]>
              </value>
            </param>
            <param index="1">
              <value>
                <![CDATA["Automates array page"]]>
              </value>
            </param>
          </params>
          <reporter-output>
          </reporter-output>
        </test-method> <!-- runScenario -->
        <test-method signature="runScenario(io.cucumber.testng.PickleWrapper,io.cucumber.testng.FeatureWrapper)[pri:0, instance:testrunner.testngrunner@38d8f54a]" started-at="2024-01-19T09:55:09 EST" name="runScenario" description="Runs Cucumber Scenarios" data-provider="scenarios" finished-at="2024-01-19T09:55:09 EST" duration-ms="483" status="PASS">
          <params>
            <param index="0">
              <value>
                <![CDATA["practise questions"]]>
              </value>
            </param>
            <param index="1">
              <value>
                <![CDATA["Automates array page"]]>
              </value>
            </param>
          </params>
          <reporter-output>
          </reporter-output>
        </test-method> <!-- runScenario -->
        <test-method signature="runScenario(io.cucumber.testng.PickleWrapper,io.cucumber.testng.FeatureWrapper)[pri:0, instance:testrunner.testngrunner@38d8f54a]" started-at="2024-01-19T09:55:09 EST" name="runScenario" description="Runs Cucumber Scenarios" data-provider="scenarios" finished-at="2024-01-19T09:55:10 EST" duration-ms="458" status="PASS">
          <params>
            <param index="0">
              <value>
                <![CDATA["practise questions"]]>
              </value>
            </param>
            <param index="1">
              <value>
                <![CDATA["Automates array page"]]>
              </value>
            </param>
          </params>
          <reporter-output>
          </reporter-output>
        </test-method> <!-- runScenario -->
        <test-method signature="runScenario(io.cucumber.testng.PickleWrapper,io.cucumber.testng.FeatureWrapper)[pri:0, instance:testrunner.testngrunner@38d8f54a]" started-at="2024-01-19T09:55:10 EST" name="runScenario" description="Runs Cucumber Scenarios" data-provider="scenarios" finished-at="2024-01-19T09:55:10 EST" duration-ms="446" status="PASS">
          <params>
            <param index="0">
              <value>
                <![CDATA["practise questions"]]>
              </value>
            </param>
            <param index="1">
              <value>
                <![CDATA["Automates array page"]]>
              </value>
            </param>
          </params>
          <reporter-output>
          </reporter-output>
        </test-method> <!-- runScenario -->
        <test-method signature="runScenario(io.cucumber.testng.PickleWrapper,io.cucumber.testng.FeatureWrapper)[pri:0, instance:testrunner.testngrunner@38d8f54a]" started-at="2024-01-19T09:55:10 EST" name="runScenario" description="Runs Cucumber Scenarios" data-provider="scenarios" finished-at="2024-01-19T09:55:10 EST" duration-ms="223" status="PASS">
          <params>
            <param index="0">
              <value>
                <![CDATA["signout"]]>
              </value>
            </param>
            <param index="1">
              <value>
                <![CDATA["Automates array page"]]>
              </value>
            </param>
          </params>
          <reporter-output>
          </reporter-output>
        </test-method> <!-- runScenario -->
        <test-method signature="runScenario(io.cucumber.testng.PickleWrapper,io.cucumber.testng.FeatureWrapper)[pri:0, instance:testrunner.testngrunner@38d8f54a]" started-at="2024-01-19T09:55:10 EST" name="runScenario" description="Runs Cucumber Scenarios" data-provider="scenarios" finished-at="2024-01-19T09:55:11 EST" duration-ms="614" status="PASS">
          <params>
            <param index="0">
              <value>
                <![CDATA["Trying to get started in Home page"]]>
              </value>
            </param>
            <param index="1">
              <value>
                <![CDATA["Starts without login"]]>
              </value>
            </param>
          </params>
          <reporter-output>
          </reporter-output>
        </test-method> <!-- runScenario -->
        <test-method signature="runScenario(io.cucumber.testng.PickleWrapper,io.cucumber.testng.FeatureWrapper)[pri:0, instance:testrunner.testngrunner@38d8f54a]" started-at="2024-01-19T09:55:11 EST" name="runScenario" description="Runs Cucumber Scenarios" data-provider="scenarios" finished-at="2024-01-19T09:55:12 EST" duration-ms="1410" status="PASS">
          <params>
            <param index="0">
              <value>
                <![CDATA["Automation of Data Structures Introduction"]]>
              </value>
            </param>
            <param index="1">
              <value>
                <![CDATA["Data structure"]]>
              </value>
            </param>
          </params>
          <reporter-output>
          </reporter-output>
        </test-method> <!-- runScenario -->
        <test-method signature="runScenario(io.cucumber.testng.PickleWrapper,io.cucumber.testng.FeatureWrapper)[pri:0, instance:testrunner.testngrunner@38d8f54a]" started-at="2024-01-19T09:55:12 EST" name="runScenario" description="Runs Cucumber Scenarios" data-provider="scenarios" finished-at="2024-01-19T09:55:15 EST" duration-ms="2746" status="PASS">
          <params>
            <param index="0">
              <value>
                <![CDATA["Graph"]]>
              </value>
            </param>
            <param index="1">
              <value>
                <![CDATA["Autamates graph"]]>
              </value>
            </param>
          </params>
          <reporter-output>
          </reporter-output>
        </test-method> <!-- runScenario -->
        <test-method signature="runScenario(io.cucumber.testng.PickleWrapper,io.cucumber.testng.FeatureWrapper)[pri:0, instance:testrunner.testngrunner@38d8f54a]" started-at="2024-01-19T09:55:15 EST" name="runScenario" description="Runs Cucumber Scenarios" data-provider="scenarios" finished-at="2024-01-19T09:55:17 EST" duration-ms="1336" status="PASS">
          <params>
            <param index="0">
              <value>
                <![CDATA["Home"]]>
              </value>
            </param>
            <param index="1">
              <value>
                <![CDATA["Autamates the Linked List"]]>
              </value>
            </param>
          </params>
          <reporter-output>
          </reporter-output>
        </test-method> <!-- runScenario -->
        <test-method signature="runScenario(io.cucumber.testng.PickleWrapper,io.cucumber.testng.FeatureWrapper)[pri:0, instance:testrunner.testngrunner@38d8f54a]" started-at="2024-01-19T09:55:17 EST" name="runScenario" description="Runs Cucumber Scenarios" data-provider="scenarios" finished-at="2024-01-19T09:55:18 EST" duration-ms="1063" status="PASS">
          <params>
            <param index="0">
              <value>
                <![CDATA["Linked List subtopics"]]>
              </value>
            </param>
            <param index="1">
              <value>
                <![CDATA["Autamates the Linked List"]]>
              </value>
            </param>
          </params>
          <reporter-output>
          </reporter-output>
        </test-method> <!-- runScenario -->
        <test-method signature="runScenario(io.cucumber.testng.PickleWrapper,io.cucumber.testng.FeatureWrapper)[pri:0, instance:testrunner.testngrunner@38d8f54a]" started-at="2024-01-19T09:55:18 EST" name="runScenario" description="Runs Cucumber Scenarios" data-provider="scenarios" finished-at="2024-01-19T09:55:18 EST" duration-ms="725" status="PASS">
          <params>
            <param index="0">
              <value>
                <![CDATA["Linked List subtopics"]]>
              </value>
            </param>
            <param index="1">
              <value>
                <![CDATA["Autamates the Linked List"]]>
              </value>
            </param>
          </params>
          <reporter-output>
          </reporter-output>
        </test-method> <!-- runScenario -->
        <test-method signature="runScenario(io.cucumber.testng.PickleWrapper,io.cucumber.testng.FeatureWrapper)[pri:0, instance:testrunner.testngrunner@38d8f54a]" started-at="2024-01-19T09:55:18 EST" name="runScenario" description="Runs Cucumber Scenarios" data-provider="scenarios" finished-at="2024-01-19T09:55:19 EST" duration-ms="631" status="PASS">
          <params>
            <param index="0">
              <value>
                <![CDATA["Linked List subtopics"]]>
              </value>
            </param>
            <param index="1">
              <value>
                <![CDATA["Autamates the Linked List"]]>
              </value>
            </param>
          </params>
          <reporter-output>
          </reporter-output>
        </test-method> <!-- runScenario -->
        <test-method signature="runScenario(io.cucumber.testng.PickleWrapper,io.cucumber.testng.FeatureWrapper)[pri:0, instance:testrunner.testngrunner@38d8f54a]" started-at="2024-01-19T09:55:19 EST" name="runScenario" description="Runs Cucumber Scenarios" data-provider="scenarios" finished-at="2024-01-19T09:55:20 EST" duration-ms="635" status="PASS">
          <params>
            <param index="0">
              <value>
                <![CDATA["Linked List subtopics"]]>
              </value>
            </param>
            <param index="1">
              <value>
                <![CDATA["Autamates the Linked List"]]>
              </value>
            </param>
          </params>
          <reporter-output>
          </reporter-output>
        </test-method> <!-- runScenario -->
        <test-method signature="runScenario(io.cucumber.testng.PickleWrapper,io.cucumber.testng.FeatureWrapper)[pri:0, instance:testrunner.testngrunner@38d8f54a]" started-at="2024-01-19T09:55:20 EST" name="runScenario" description="Runs Cucumber Scenarios" data-provider="scenarios" finished-at="2024-01-19T09:55:20 EST" duration-ms="496" status="PASS">
          <params>
            <param index="0">
              <value>
                <![CDATA["Linked List subtopics"]]>
              </value>
            </param>
            <param index="1">
              <value>
                <![CDATA["Autamates the Linked List"]]>
              </value>
            </param>
          </params>
          <reporter-output>
          </reporter-output>
        </test-method> <!-- runScenario -->
        <test-method signature="runScenario(io.cucumber.testng.PickleWrapper,io.cucumber.testng.FeatureWrapper)[pri:0, instance:testrunner.testngrunner@38d8f54a]" started-at="2024-01-19T09:55:20 EST" name="runScenario" description="Runs Cucumber Scenarios" data-provider="scenarios" finished-at="2024-01-19T09:55:21 EST" duration-ms="591" status="PASS">
          <params>
            <param index="0">
              <value>
                <![CDATA["Linked List subtopics"]]>
              </value>
            </param>
            <param index="1">
              <value>
                <![CDATA["Autamates the Linked List"]]>
              </value>
            </param>
          </params>
          <reporter-output>
          </reporter-output>
        </test-method> <!-- runScenario -->
        <test-method signature="runScenario(io.cucumber.testng.PickleWrapper,io.cucumber.testng.FeatureWrapper)[pri:0, instance:testrunner.testngrunner@38d8f54a]" started-at="2024-01-19T09:55:21 EST" name="runScenario" description="Runs Cucumber Scenarios" data-provider="scenarios" finished-at="2024-01-19T09:55:21 EST" duration-ms="545" status="PASS">
          <params>
            <param index="0">
              <value>
                <![CDATA["Linked List subtopics"]]>
              </value>
            </param>
            <param index="1">
              <value>
                <![CDATA["Autamates the Linked List"]]>
              </value>
            </param>
          </params>
          <reporter-output>
          </reporter-output>
        </test-method> <!-- runScenario -->
        <test-method signature="runScenario(io.cucumber.testng.PickleWrapper,io.cucumber.testng.FeatureWrapper)[pri:0, instance:testrunner.testngrunner@38d8f54a]" started-at="2024-01-19T09:55:21 EST" name="runScenario" description="Runs Cucumber Scenarios" data-provider="scenarios" finished-at="2024-01-19T09:55:21 EST" duration-ms="147" status="PASS">
          <params>
            <param index="0">
              <value>
                <![CDATA["signout"]]>
              </value>
            </param>
            <param index="1">
              <value>
                <![CDATA["Autamates the Linked List"]]>
              </value>
            </param>
          </params>
          <reporter-output>
          </reporter-output>
        </test-method> <!-- runScenario -->
        <test-method signature="runScenario(io.cucumber.testng.PickleWrapper,io.cucumber.testng.FeatureWrapper)[pri:0, instance:testrunner.testngrunner@38d8f54a]" started-at="2024-01-19T09:55:21 EST" name="runScenario" description="Runs Cucumber Scenarios" data-provider="scenarios" finished-at="2024-01-19T09:55:23 EST" duration-ms="1555" status="PASS">
          <params>
            <param index="0">
              <value>
                <![CDATA["Signing in"]]>
              </value>
            </param>
            <param index="1">
              <value>
                <![CDATA["Automation of login  site"]]>
              </value>
            </param>
          </params>
          <reporter-output>
          </reporter-output>
        </test-method> <!-- runScenario -->
        <test-method signature="runScenario(io.cucumber.testng.PickleWrapper,io.cucumber.testng.FeatureWrapper)[pri:0, instance:testrunner.testngrunner@38d8f54a]" started-at="2024-01-19T09:55:23 EST" name="runScenario" description="Runs Cucumber Scenarios" data-provider="scenarios" finished-at="2024-01-19T09:55:23 EST" duration-ms="151" status="PASS">
          <params>
            <param index="0">
              <value>
                <![CDATA["logout"]]>
              </value>
            </param>
            <param index="1">
              <value>
                <![CDATA["Automation of login  site"]]>
              </value>
            </param>
          </params>
          <reporter-output>
          </reporter-output>
        </test-method> <!-- runScenario -->
        <test-method signature="runScenario(io.cucumber.testng.PickleWrapper,io.cucumber.testng.FeatureWrapper)[pri:0, instance:testrunner.testngrunner@38d8f54a]" started-at="2024-01-19T09:55:23 EST" name="runScenario" description="Runs Cucumber Scenarios" data-provider="scenarios" finished-at="2024-01-19T09:55:24 EST" duration-ms="776" status="PASS">
          <params>
            <param index="0">
              <value>
                <![CDATA["Home"]]>
              </value>
            </param>
            <param index="1">
              <value>
                <![CDATA["Autamates the Queue"]]>
              </value>
            </param>
          </params>
          <reporter-output>
          </reporter-output>
        </test-method> <!-- runScenario -->
        <test-method signature="runScenario(io.cucumber.testng.PickleWrapper,io.cucumber.testng.FeatureWrapper)[pri:0, instance:testrunner.testngrunner@38d8f54a]" started-at="2024-01-19T09:55:24 EST" name="runScenario" description="Runs Cucumber Scenarios" data-provider="scenarios" finished-at="2024-01-19T09:55:25 EST" duration-ms="744" status="PASS">
          <params>
            <param index="0">
              <value>
                <![CDATA["Queue subtopics"]]>
              </value>
            </param>
            <param index="1">
              <value>
                <![CDATA["Autamates the Queue"]]>
              </value>
            </param>
          </params>
          <reporter-output>
          </reporter-output>
        </test-method> <!-- runScenario -->
        <test-method signature="runScenario(io.cucumber.testng.PickleWrapper,io.cucumber.testng.FeatureWrapper)[pri:0, instance:testrunner.testngrunner@38d8f54a]" started-at="2024-01-19T09:55:25 EST" name="runScenario" description="Runs Cucumber Scenarios" data-provider="scenarios" finished-at="2024-01-19T09:55:25 EST" duration-ms="734" status="PASS">
          <params>
            <param index="0">
              <value>
                <![CDATA["Queue subtopics"]]>
              </value>
            </param>
            <param index="1">
              <value>
                <![CDATA["Autamates the Queue"]]>
              </value>
            </param>
          </params>
          <reporter-output>
          </reporter-output>
        </test-method> <!-- runScenario -->
        <test-method signature="runScenario(io.cucumber.testng.PickleWrapper,io.cucumber.testng.FeatureWrapper)[pri:0, instance:testrunner.testngrunner@38d8f54a]" started-at="2024-01-19T09:55:25 EST" name="runScenario" description="Runs Cucumber Scenarios" data-provider="scenarios" finished-at="2024-01-19T09:55:26 EST" duration-ms="957" status="PASS">
          <params>
            <param index="0">
              <value>
                <![CDATA["Queue subtopics"]]>
              </value>
            </param>
            <param index="1">
              <value>
                <![CDATA["Autamates the Queue"]]>
              </value>
            </param>
          </params>
          <reporter-output>
          </reporter-output>
        </test-method> <!-- runScenario -->
        <test-method signature="runScenario(io.cucumber.testng.PickleWrapper,io.cucumber.testng.FeatureWrapper)[pri:0, instance:testrunner.testngrunner@38d8f54a]" started-at="2024-01-19T09:55:26 EST" name="runScenario" description="Runs Cucumber Scenarios" data-provider="scenarios" finished-at="2024-01-19T09:55:27 EST" duration-ms="726" status="PASS">
          <params>
            <param index="0">
              <value>
                <![CDATA["Queue subtopics"]]>
              </value>
            </param>
            <param index="1">
              <value>
                <![CDATA["Autamates the Queue"]]>
              </value>
            </param>
          </params>
          <reporter-output>
          </reporter-output>
        </test-method> <!-- runScenario -->
        <test-method signature="runScenario(io.cucumber.testng.PickleWrapper,io.cucumber.testng.FeatureWrapper)[pri:0, instance:testrunner.testngrunner@38d8f54a]" started-at="2024-01-19T09:55:27 EST" name="runScenario" description="Runs Cucumber Scenarios" data-provider="scenarios" finished-at="2024-01-19T09:55:27 EST" duration-ms="153" status="PASS">
          <params>
            <param index="0">
              <value>
                <![CDATA["signout"]]>
              </value>
            </param>
            <param index="1">
              <value>
                <![CDATA["Autamates the Queue"]]>
              </value>
            </param>
          </params>
          <reporter-output>
          </reporter-output>
        </test-method> <!-- runScenario -->
        <test-method signature="runScenario(io.cucumber.testng.PickleWrapper,io.cucumber.testng.FeatureWrapper)[pri:0, instance:testrunner.testngrunner@38d8f54a]" started-at="2024-01-19T09:55:27 EST" name="runScenario" description="Runs Cucumber Scenarios" data-provider="scenarios" finished-at="2024-01-19T09:55:27 EST" duration-ms="286" status="PASS">
          <params>
            <param index="0">
              <value>
                <![CDATA["home"]]>
              </value>
            </param>
            <param index="1">
              <value>
                <![CDATA["Automation of register page"]]>
              </value>
            </param>
          </params>
          <reporter-output>
          </reporter-output>
        </test-method> <!-- runScenario -->
        <test-method signature="runScenario(io.cucumber.testng.PickleWrapper,io.cucumber.testng.FeatureWrapper)[pri:0, instance:testrunner.testngrunner@38d8f54a]" started-at="2024-01-19T09:55:27 EST" name="runScenario" description="Runs Cucumber Scenarios" data-provider="scenarios" finished-at="2024-01-19T09:55:31 EST" duration-ms="3153" status="PASS">
          <params>
            <param index="0">
              <value>
                <![CDATA["register"]]>
              </value>
            </param>
            <param index="1">
              <value>
                <![CDATA["Automation of register page"]]>
              </value>
            </param>
          </params>
          <reporter-output>
          </reporter-output>
        </test-method> <!-- runScenario -->
        <test-method signature="runScenario(io.cucumber.testng.PickleWrapper,io.cucumber.testng.FeatureWrapper)[pri:0, instance:testrunner.testngrunner@38d8f54a]" started-at="2024-01-19T09:55:31 EST" name="runScenario" description="Runs Cucumber Scenarios" data-provider="scenarios" finished-at="2024-01-19T09:55:34 EST" duration-ms="3157" status="PASS">
          <params>
            <param index="0">
              <value>
                <![CDATA["register"]]>
              </value>
            </param>
            <param index="1">
              <value>
                <![CDATA["Automation of register page"]]>
              </value>
            </param>
          </params>
          <reporter-output>
          </reporter-output>
        </test-method> <!-- runScenario -->
        <test-method signature="runScenario(io.cucumber.testng.PickleWrapper,io.cucumber.testng.FeatureWrapper)[pri:0, instance:testrunner.testngrunner@38d8f54a]" started-at="2024-01-19T09:55:34 EST" name="runScenario" description="Runs Cucumber Scenarios" data-provider="scenarios" finished-at="2024-01-19T09:55:37 EST" duration-ms="3178" status="PASS">
          <params>
            <param index="0">
              <value>
                <![CDATA["register"]]>
              </value>
            </param>
            <param index="1">
              <value>
                <![CDATA["Automation of register page"]]>
              </value>
            </param>
          </params>
          <reporter-output>
          </reporter-output>
        </test-method> <!-- runScenario -->
        <test-method signature="runScenario(io.cucumber.testng.PickleWrapper,io.cucumber.testng.FeatureWrapper)[pri:0, instance:testrunner.testngrunner@38d8f54a]" started-at="2024-01-19T09:55:37 EST" name="runScenario" description="Runs Cucumber Scenarios" data-provider="scenarios" finished-at="2024-01-19T09:55:37 EST" duration-ms="209" status="PASS">
          <params>
            <param index="0">
              <value>
                <![CDATA["register"]]>
              </value>
            </param>
            <param index="1">
              <value>
                <![CDATA["Automation of register page"]]>
              </value>
            </param>
          </params>
          <reporter-output>
          </reporter-output>
        </test-method> <!-- runScenario -->
        <test-method signature="runScenario(io.cucumber.testng.PickleWrapper,io.cucumber.testng.FeatureWrapper)[pri:0, instance:testrunner.testngrunner@38d8f54a]" started-at="2024-01-19T09:55:37 EST" name="runScenario" description="Runs Cucumber Scenarios" data-provider="scenarios" finished-at="2024-01-19T09:55:37 EST" duration-ms="195" status="PASS">
          <params>
            <param index="0">
              <value>
                <![CDATA["register"]]>
              </value>
            </param>
            <param index="1">
              <value>
                <![CDATA["Automation of register page"]]>
              </value>
            </param>
          </params>
          <reporter-output>
          </reporter-output>
        </test-method> <!-- runScenario -->
        <test-method signature="runScenario(io.cucumber.testng.PickleWrapper,io.cucumber.testng.FeatureWrapper)[pri:0, instance:testrunner.testngrunner@38d8f54a]" started-at="2024-01-19T09:55:37 EST" name="runScenario" description="Runs Cucumber Scenarios" data-provider="scenarios" finished-at="2024-01-19T09:55:41 EST" duration-ms="3361" status="FAIL">
          <params>
            <param index="0">
              <value>
                <![CDATA["valid register"]]>
              </value>
            </param>
            <param index="1">
              <value>
                <![CDATA["Automation of register page"]]>
              </value>
            </param>
          </params>
          <exception class="org.openqa.selenium.NoSuchElementException">
            <message>
              <![CDATA[no such element: Unable to locate element: {"method":"xpath","selector":"//*[text()='Sign out']"}
  (Session info: chrome=120.0.6099.234)
For documentation on this error, please visit: https://www.selenium.dev/documentation/webdriver/troubleshooting/errors#no-such-element-exception
Build info: version: '4.16.0', revision: '15400459dd*'
System info: os.name: 'Mac OS X', os.arch: 'aarch64', os.version: '14.2.1', java.version: '21.0.1'
Driver info: org.openqa.selenium.chrome.ChromeDriver
Command: [6bdea6d0e08d30682443856d55b3c127, findElement {using=xpath, value=//*[text()='Sign out']}]
Capabilities {acceptInsecureCerts: false, browserName: chrome, browserVersion: 120.0.6099.234, chrome: {chromedriverVersion: 120.0.6099.109 (3419140ab66..., userDataDir: /var/folders/gb/z_br60gn0h5...}, fedcm:accounts: true, goog:chromeOptions: {debuggerAddress: localhost:50580}, networkConnectionEnabled: false, pageLoadStrategy: normal, platformName: mac, proxy: Proxy(), se:cdp: ws://localhost:50580/devtoo..., se:cdpVersion: 120.0.6099.234, setWindowRect: true, strictFileInteractability: false, timeouts: {implicit: 0, pageLoad: 300000, script: 30000}, unhandledPromptBehavior: dismiss and notify, webauthn:extension:credBlob: true, webauthn:extension:largeBlob: true, webauthn:extension:minPinLength: true, webauthn:extension:prf: true, webauthn:virtualAuthenticators: true}
Session ID: 6bdea6d0e08d30682443856d55b3c127]]>
            </message>
            <full-stacktrace>
              <![CDATA[org.openqa.selenium.NoSuchElementException: no such element: Unable to locate element: {"method":"xpath","selector":"//*[text()='Sign out']"}
  (Session info: chrome=120.0.6099.234)
For documentation on this error, please visit: https://www.selenium.dev/documentation/webdriver/troubleshooting/errors#no-such-element-exception
Build info: version: '4.16.0', revision: '15400459dd*'
System info: os.name: 'Mac OS X', os.arch: 'aarch64', os.version: '14.2.1', java.version: '21.0.1'
Driver info: org.openqa.selenium.chrome.ChromeDriver
Command: [6bdea6d0e08d30682443856d55b3c127, findElement {using=xpath, value=//*[text()='Sign out']}]
Capabilities {acceptInsecureCerts: false, browserName: chrome, browserVersion: 120.0.6099.234, chrome: {chromedriverVersion: 120.0.6099.109 (3419140ab66..., userDataDir: /var/folders/gb/z_br60gn0h5...}, fedcm:accounts: true, goog:chromeOptions: {debuggerAddress: localhost:50580}, networkConnectionEnabled: false, pageLoadStrategy: normal, platformName: mac, proxy: Proxy(), se:cdp: ws://localhost:50580/devtoo..., se:cdpVersion: 120.0.6099.234, setWindowRect: true, strictFileInteractability: false, timeouts: {implicit: 0, pageLoad: 300000, script: 30000}, unhandledPromptBehavior: dismiss and notify, webauthn:extension:credBlob: true, webauthn:extension:largeBlob: true, webauthn:extension:minPinLength: true, webauthn:extension:prf: true, webauthn:virtualAuthenticators: true}
Session ID: 6bdea6d0e08d30682443856d55b3c127
at java.base/jdk.internal.reflect.DirectConstructorHandleAccessor.newInstance(DirectConstructorHandleAccessor.java:62)
at java.base/java.lang.reflect.Constructor.newInstanceWithCaller(Constructor.java:502)
at java.base/java.lang.reflect.Constructor.newInstance(Constructor.java:486)
at org.openqa.selenium.remote.codec.w3c.W3CHttpResponseCodec.createException(W3CHttpResponseCodec.java:200)
at org.openqa.selenium.remote.codec.w3c.W3CHttpResponseCodec.decode(W3CHttpResponseCodec.java:133)
at org.openqa.selenium.remote.codec.w3c.W3CHttpResponseCodec.decode(W3CHttpResponseCodec.java:52)
at org.openqa.selenium.remote.HttpCommandExecutor.execute(HttpCommandExecutor.java:191)
at org.openqa.selenium.remote.service.DriverCommandExecutor.invokeExecute(DriverCommandExecutor.java:200)
at org.openqa.selenium.remote.service.DriverCommandExecutor.execute(DriverCommandExecutor.java:175)
at org.openqa.selenium.remote.RemoteWebDriver.execute(RemoteWebDriver.java:523)
at org.openqa.selenium.remote.ElementLocation$ElementFinder$2.findElement(ElementLocation.java:165)
at org.openqa.selenium.remote.ElementLocation.findElement(ElementLocation.java:59)
at org.openqa.selenium.remote.RemoteWebDriver.findElement(RemoteWebDriver.java:360)
at org.openqa.selenium.remote.RemoteWebDriver.findElement(RemoteWebDriver.java:354)
at pom.Registerpom.lsignout(Registerpom.java:78)
at stepdefinitions.Register.clicks_sign_out(Register.java:72)
at ✽.clicks Sign out(file:///Users/sathishkumar/eclipse-workspace/projectcucumber/./src/test/resources/features/register.feature:24)
]]>
            </full-stacktrace>
          </exception> <!-- org.openqa.selenium.NoSuchElementException -->
          <reporter-output>
          </reporter-output>
        </test-method> <!-- runScenario -->
        <test-method signature="runScenario(io.cucumber.testng.PickleWrapper,io.cucumber.testng.FeatureWrapper)[pri:0, instance:testrunner.testngrunner@38d8f54a]" started-at="2024-01-19T09:55:41 EST" name="runScenario" description="Runs Cucumber Scenarios" data-provider="scenarios" finished-at="2024-01-19T09:55:42 EST" duration-ms="816" status="PASS">
          <params>
            <param index="0">
              <value>
                <![CDATA["home"]]>
              </value>
            </param>
            <param index="1">
              <value>
                <![CDATA["Autamates the stack"]]>
              </value>
            </param>
          </params>
          <reporter-output>
          </reporter-output>
        </test-method> <!-- runScenario -->
        <test-method signature="runScenario(io.cucumber.testng.PickleWrapper,io.cucumber.testng.FeatureWrapper)[pri:0, instance:testrunner.testngrunner@38d8f54a]" started-at="2024-01-19T09:55:42 EST" name="runScenario" description="Runs Cucumber Scenarios" data-provider="scenarios" finished-at="2024-01-19T09:55:43 EST" duration-ms="998" status="PASS">
          <params>
            <param index="0">
              <value>
                <![CDATA["Stack subtopics"]]>
              </value>
            </param>
            <param index="1">
              <value>
                <![CDATA["Autamates the stack"]]>
              </value>
            </param>
          </params>
          <reporter-output>
          </reporter-output>
        </test-method> <!-- runScenario -->
        <test-method signature="runScenario(io.cucumber.testng.PickleWrapper,io.cucumber.testng.FeatureWrapper)[pri:0, instance:testrunner.testngrunner@38d8f54a]" started-at="2024-01-19T09:55:43 EST" name="runScenario" description="Runs Cucumber Scenarios" data-provider="scenarios" finished-at="2024-01-19T09:55:44 EST" duration-ms="975" status="PASS">
          <params>
            <param index="0">
              <value>
                <![CDATA["Stack subtopics"]]>
              </value>
            </param>
            <param index="1">
              <value>
                <![CDATA["Autamates the stack"]]>
              </value>
            </param>
          </params>
          <reporter-output>
          </reporter-output>
        </test-method> <!-- runScenario -->
        <test-method signature="runScenario(io.cucumber.testng.PickleWrapper,io.cucumber.testng.FeatureWrapper)[pri:0, instance:testrunner.testngrunner@38d8f54a]" started-at="2024-01-19T09:55:44 EST" name="runScenario" description="Runs Cucumber Scenarios" data-provider="scenarios" finished-at="2024-01-19T09:55:44 EST" duration-ms="730" status="PASS">
          <params>
            <param index="0">
              <value>
                <![CDATA["Stack subtopics"]]>
              </value>
            </param>
            <param index="1">
              <value>
                <![CDATA["Autamates the stack"]]>
              </value>
            </param>
          </params>
          <reporter-output>
          </reporter-output>
        </test-method> <!-- runScenario -->
        <test-method signature="runScenario(io.cucumber.testng.PickleWrapper,io.cucumber.testng.FeatureWrapper)[pri:0, instance:testrunner.testngrunner@38d8f54a]" started-at="2024-01-19T09:55:44 EST" name="runScenario" description="Runs Cucumber Scenarios" data-provider="scenarios" finished-at="2024-01-19T09:55:44 EST" duration-ms="163" status="PASS">
          <params>
            <param index="0">
              <value>
                <![CDATA["signout"]]>
              </value>
            </param>
            <param index="1">
              <value>
                <![CDATA["Autamates the stack"]]>
              </value>
            </param>
          </params>
          <reporter-output>
          </reporter-output>
        </test-method> <!-- runScenario -->
        <test-method signature="runScenario(io.cucumber.testng.PickleWrapper,io.cucumber.testng.FeatureWrapper)[pri:0, instance:testrunner.testngrunner@38d8f54a]" started-at="2024-01-19T09:55:44 EST" name="runScenario" description="Runs Cucumber Scenarios" data-provider="scenarios" finished-at="2024-01-19T09:55:45 EST" duration-ms="953" status="PASS">
          <params>
            <param index="0">
              <value>
                <![CDATA["home"]]>
              </value>
            </param>
            <param index="1">
              <value>
                <![CDATA["Automates tree page"]]>
              </value>
            </param>
          </params>
          <reporter-output>
          </reporter-output>
        </test-method> <!-- runScenario -->
        <test-method signature="runScenario(io.cucumber.testng.PickleWrapper,io.cucumber.testng.FeatureWrapper)[pri:0, instance:testrunner.testngrunner@38d8f54a]" started-at="2024-01-19T09:55:45 EST" name="runScenario" description="Runs Cucumber Scenarios" data-provider="scenarios" finished-at="2024-01-19T09:55:46 EST" duration-ms="827" status="PASS">
          <params>
            <param index="0">
              <value>
                <![CDATA["subtopics"]]>
              </value>
            </param>
            <param index="1">
              <value>
                <![CDATA["Automates tree page"]]>
              </value>
            </param>
          </params>
          <reporter-output>
          </reporter-output>
        </test-method> <!-- runScenario -->
        <test-method signature="runScenario(io.cucumber.testng.PickleWrapper,io.cucumber.testng.FeatureWrapper)[pri:0, instance:testrunner.testngrunner@38d8f54a]" started-at="2024-01-19T09:55:46 EST" name="runScenario" description="Runs Cucumber Scenarios" data-provider="scenarios" finished-at="2024-01-19T09:55:47 EST" duration-ms="788" status="PASS">
          <params>
            <param index="0">
              <value>
                <![CDATA["subtopics"]]>
              </value>
            </param>
            <param index="1">
              <value>
                <![CDATA["Automates tree page"]]>
              </value>
            </param>
          </params>
          <reporter-output>
          </reporter-output>
        </test-method> <!-- runScenario -->
        <test-method signature="runScenario(io.cucumber.testng.PickleWrapper,io.cucumber.testng.FeatureWrapper)[pri:0, instance:testrunner.testngrunner@38d8f54a]" started-at="2024-01-19T09:55:47 EST" name="runScenario" description="Runs Cucumber Scenarios" data-provider="scenarios" finished-at="2024-01-19T09:55:48 EST" duration-ms="783" status="PASS">
          <params>
            <param index="0">
              <value>
                <![CDATA["subtopics"]]>
              </value>
            </param>
            <param index="1">
              <value>
                <![CDATA["Automates tree page"]]>
              </value>
            </param>
          </params>
          <reporter-output>
          </reporter-output>
        </test-method> <!-- runScenario -->
        <test-method signature="runScenario(io.cucumber.testng.PickleWrapper,io.cucumber.testng.FeatureWrapper)[pri:0, instance:testrunner.testngrunner@38d8f54a]" started-at="2024-01-19T09:55:48 EST" name="runScenario" description="Runs Cucumber Scenarios" data-provider="scenarios" finished-at="2024-01-19T09:55:48 EST" duration-ms="740" status="PASS">
          <params>
            <param index="0">
              <value>
                <![CDATA["subtopics"]]>
              </value>
            </param>
            <param index="1">
              <value>
                <![CDATA["Automates tree page"]]>
              </value>
            </param>
          </params>
          <reporter-output>
          </reporter-output>
        </test-method> <!-- runScenario -->
        <test-method signature="runScenario(io.cucumber.testng.PickleWrapper,io.cucumber.testng.FeatureWrapper)[pri:0, instance:testrunner.testngrunner@38d8f54a]" started-at="2024-01-19T09:55:48 EST" name="runScenario" description="Runs Cucumber Scenarios" data-provider="scenarios" finished-at="2024-01-19T09:55:49 EST" duration-ms="734" status="PASS">
          <params>
            <param index="0">
              <value>
                <![CDATA["subtopics"]]>
              </value>
            </param>
            <param index="1">
              <value>
                <![CDATA["Automates tree page"]]>
              </value>
            </param>
          </params>
          <reporter-output>
          </reporter-output>
        </test-method> <!-- runScenario -->
        <test-method signature="runScenario(io.cucumber.testng.PickleWrapper,io.cucumber.testng.FeatureWrapper)[pri:0, instance:testrunner.testngrunner@38d8f54a]" started-at="2024-01-19T09:55:49 EST" name="runScenario" description="Runs Cucumber Scenarios" data-provider="scenarios" finished-at="2024-01-19T09:55:50 EST" duration-ms="750" status="PASS">
          <params>
            <param index="0">
              <value>
                <![CDATA["subtopics"]]>
              </value>
            </param>
            <param index="1">
              <value>
                <![CDATA["Automates tree page"]]>
              </value>
            </param>
          </params>
          <reporter-output>
          </reporter-output>
        </test-method> <!-- runScenario -->
        <test-method signature="runScenario(io.cucumber.testng.PickleWrapper,io.cucumber.testng.FeatureWrapper)[pri:0, instance:testrunner.testngrunner@38d8f54a]" started-at="2024-01-19T09:55:50 EST" name="runScenario" description="Runs Cucumber Scenarios" data-provider="scenarios" finished-at="2024-01-19T09:55:51 EST" duration-ms="888" status="PASS">
          <params>
            <param index="0">
              <value>
                <![CDATA["subtopics"]]>
              </value>
            </param>
            <param index="1">
              <value>
                <![CDATA["Automates tree page"]]>
              </value>
            </param>
          </params>
          <reporter-output>
          </reporter-output>
        </test-method> <!-- runScenario -->
        <test-method signature="runScenario(io.cucumber.testng.PickleWrapper,io.cucumber.testng.FeatureWrapper)[pri:0, instance:testrunner.testngrunner@38d8f54a]" started-at="2024-01-19T09:55:51 EST" name="runScenario" description="Runs Cucumber Scenarios" data-provider="scenarios" finished-at="2024-01-19T09:55:52 EST" duration-ms="730" status="PASS">
          <params>
            <param index="0">
              <value>
                <![CDATA["subtopics"]]>
              </value>
            </param>
            <param index="1">
              <value>
                <![CDATA["Automates tree page"]]>
              </value>
            </param>
          </params>
          <reporter-output>
          </reporter-output>
        </test-method> <!-- runScenario -->
        <test-method signature="runScenario(io.cucumber.testng.PickleWrapper,io.cucumber.testng.FeatureWrapper)[pri:0, instance:testrunner.testngrunner@38d8f54a]" started-at="2024-01-19T09:55:52 EST" name="runScenario" description="Runs Cucumber Scenarios" data-provider="scenarios" finished-at="2024-01-19T09:55:52 EST" duration-ms="821" status="PASS">
          <params>
            <param index="0">
              <value>
                <![CDATA["subtopics"]]>
              </value>
            </param>
            <param index="1">
              <value>
                <![CDATA["Automates tree page"]]>
              </value>
            </param>
          </params>
          <reporter-output>
          </reporter-output>
        </test-method> <!-- runScenario -->
        <test-method signature="runScenario(io.cucumber.testng.PickleWrapper,io.cucumber.testng.FeatureWrapper)[pri:0, instance:testrunner.testngrunner@38d8f54a]" started-at="2024-01-19T09:55:52 EST" name="runScenario" description="Runs Cucumber Scenarios" data-provider="scenarios" finished-at="2024-01-19T09:55:53 EST" duration-ms="740" status="PASS">
          <params>
            <param index="0">
              <value>
                <![CDATA["subtopics"]]>
              </value>
            </param>
            <param index="1">
              <value>
                <![CDATA["Automates tree page"]]>
              </value>
            </param>
          </params>
          <reporter-output>
          </reporter-output>
        </test-method> <!-- runScenario -->
        <test-method signature="runScenario(io.cucumber.testng.PickleWrapper,io.cucumber.testng.FeatureWrapper)[pri:0, instance:testrunner.testngrunner@38d8f54a]" started-at="2024-01-19T09:55:53 EST" name="runScenario" description="Runs Cucumber Scenarios" data-provider="scenarios" finished-at="2024-01-19T09:55:54 EST" duration-ms="834" status="PASS">
          <params>
            <param index="0">
              <value>
                <![CDATA["subtopics"]]>
              </value>
            </param>
            <param index="1">
              <value>
                <![CDATA["Automates tree page"]]>
              </value>
            </param>
          </params>
          <reporter-output>
          </reporter-output>
        </test-method> <!-- runScenario -->
        <test-method signature="runScenario(io.cucumber.testng.PickleWrapper,io.cucumber.testng.FeatureWrapper)[pri:0, instance:testrunner.testngrunner@38d8f54a]" started-at="2024-01-19T09:55:54 EST" name="runScenario" description="Runs Cucumber Scenarios" data-provider="scenarios" finished-at="2024-01-19T09:55:55 EST" duration-ms="974" status="PASS">
          <params>
            <param index="0">
              <value>
                <![CDATA["subtopics"]]>
              </value>
            </param>
            <param index="1">
              <value>
                <![CDATA["Automates tree page"]]>
              </value>
            </param>
          </params>
          <reporter-output>
          </reporter-output>
        </test-method> <!-- runScenario -->
        <test-method signature="runScenario(io.cucumber.testng.PickleWrapper,io.cucumber.testng.FeatureWrapper)[pri:0, instance:testrunner.testngrunner@38d8f54a]" started-at="2024-01-19T09:55:55 EST" name="runScenario" description="Runs Cucumber Scenarios" data-provider="scenarios" finished-at="2024-01-19T09:55:56 EST" duration-ms="1070" status="PASS">
          <params>
            <param index="0">
              <value>
                <![CDATA["subtopics"]]>
              </value>
            </param>
            <param index="1">
              <value>
                <![CDATA["Automates tree page"]]>
              </value>
            </param>
          </params>
          <reporter-output>
          </reporter-output>
        </test-method> <!-- runScenario -->
        <test-method signature="runScenario(io.cucumber.testng.PickleWrapper,io.cucumber.testng.FeatureWrapper)[pri:0, instance:testrunner.testngrunner@38d8f54a]" started-at="2024-01-19T09:55:56 EST" name="runScenario" description="Runs Cucumber Scenarios" data-provider="scenarios" finished-at="2024-01-19T09:55:56 EST" duration-ms="322" status="PASS">
          <params>
            <param index="0">
              <value>
                <![CDATA["signout"]]>
              </value>
            </param>
            <param index="1">
              <value>
                <![CDATA["Automates tree page"]]>
              </value>
            </param>
          </params>
          <reporter-output>
          </reporter-output>
        </test-method> <!-- runScenario -->
        <test-method is-config="true" signature="tearDownClass()[pri:0, instance:testrunner.testngrunner@38d8f54a]" started-at="2024-01-19T09:55:56 EST" name="tearDownClass" finished-at="2024-01-19T09:55:56 EST" duration-ms="1" status="PASS">
          <reporter-output>
          </reporter-output>
        </test-method> <!-- tearDownClass -->
      </class> <!-- testrunner.testngrunner -->
    </test> <!-- Default test -->
  </suite> <!-- Default suite -->
</testng-results>
