<?xml version="1.0" encoding="UTF-8"?>
<!-- Generated by org.testng.reporters.JUnitXMLReporter -->
<testsuite ignored="0" hostname="Sathishs-MacBook-Air.local" failures="2" tests="2" name="Test2" time="1.343" errors="0" timestamp="2024-01-12T09:31:04 EST">
  <testcase classname="io.cucumber.testng.AbstractTestNGCucumberTests" name="runScenario" time="0.074">
    <failure type="java.lang.NullPointerException" message="Cannot invoke &amp;quot;String.equals(Object)&amp;quot; because &amp;quot;this.b&amp;quot; is null">
      <![CDATA[java.lang.NullPointerException: Cannot invoke "String.equals(Object)" because "this.b" is null
at driver.maindriver.<init>(maindriver.java:29)
at stepdefinitions.Login.user_registered_already_clicks_login(Login.java:17)
at ✽.User registered already clicks Login(file:///Users/sathishkumar/eclipse-workspace/projectcucumber/./src/test/resources/features/login.feature:5)
]]>
    </failure>
  </testcase> <!-- runScenario -->
  <testcase classname="io.cucumber.testng.AbstractTestNGCucumberTests" name="runScenario" time="0.017">
    <failure type="java.lang.NullPointerException" message="Cannot invoke &amp;quot;org.openqa.selenium.WebDriver.findElement(org.openqa.selenium.By)&amp;quot; because &amp;quot;this.driver&amp;quot; is null">
      <![CDATA[java.lang.NullPointerException: Cannot invoke "org.openqa.selenium.WebDriver.findElement(org.openqa.selenium.By)" because "this.driver" is null
at pom.Dslogin.logout(Dslogin.java:118)
at stepdefinitions.Login.clicks_logout_after_logged_in(Login.java:42)
at ✽.Clicks logout after logged in(file:///Users/sathishkumar/eclipse-workspace/projectcucumber/./src/test/resources/features/login.feature:14)
]]>
    </failure>
  </testcase> <!-- runScenario -->
</testsuite> <!-- Test2 -->
