<?xml version="1.0" encoding="UTF-8"?>
<testsuite xmlns:xsi="http://www.w3.org/2001/XMLSchema-instance" xsi:noNamespaceSchemaLocation="https://maven.apache.org/surefire/maven-surefire-plugin/xsd/surefire-test-report-3.0.xsd" version="3.0" name="testrunner.Dstestrunner" time="54.367" tests="58" errors="1" skipped="0" failures="0">
  <properties>
    <property name="java.specification.version" value="21"/>
    <property name="sun.jnu.encoding" value="UTF-8"/>
    <property name="sun.awt.enableExtraMouseButtons" value="true"/>
    <property name="java.class.path" value="/Users/sathishkumar/eclipse-workspace/projectcucumber/target/test-classes:/Users/sathishkumar/eclipse-workspace/projectcucumber/target/classes:/Users/sathishkumar/.m2/repository/org/seleniumhq/selenium/selenium-java/4.16.0/selenium-java-4.16.0.jar:/Users/sathishkumar/.m2/repository/org/seleniumhq/selenium/selenium-api/4.16.0/selenium-api-4.16.0.jar:/Users/sathishkumar/.m2/repository/org/seleniumhq/selenium/selenium-chrome-driver/4.16.0/selenium-chrome-driver-4.16.0.jar:/Users/sathishkumar/.m2/repository/com/google/auto/service/auto-service-annotations/1.1.1/auto-service-annotations-1.1.1.jar:/Users/sathishkumar/.m2/repository/org/seleniumhq/selenium/selenium-chromium-driver/4.16.0/selenium-chromium-driver-4.16.0.jar:/Users/sathishkumar/.m2/repository/org/seleniumhq/selenium/selenium-json/4.16.0/selenium-json-4.16.0.jar:/Users/sathishkumar/.m2/repository/org/seleniumhq/selenium/selenium-manager/4.16.0/selenium-manager-4.16.0.jar:/Users/sathishkumar/.m2/repository/org/seleniumhq/selenium/selenium-devtools-v118/4.16.0/selenium-devtools-v118-4.16.0.jar:/Users/sathishkumar/.m2/repository/org/seleniumhq/selenium/selenium-devtools-v119/4.16.0/selenium-devtools-v119-4.16.0.jar:/Users/sathishkumar/.m2/repository/org/seleniumhq/selenium/selenium-devtools-v120/4.16.0/selenium-devtools-v120-4.16.0.jar:/Users/sathishkumar/.m2/repository/org/seleniumhq/selenium/selenium-devtools-v85/4.16.0/selenium-devtools-v85-4.16.0.jar:/Users/sathishkumar/.m2/repository/org/seleniumhq/selenium/selenium-edge-driver/4.16.0/selenium-edge-driver-4.16.0.jar:/Users/sathishkumar/.m2/repository/org/seleniumhq/selenium/selenium-firefox-driver/4.16.0/selenium-firefox-driver-4.16.0.jar:/Users/sathishkumar/.m2/repository/org/seleniumhq/selenium/selenium-http/4.16.0/selenium-http-4.16.0.jar:/Users/sathishkumar/.m2/repository/dev/failsafe/failsafe/3.3.2/failsafe-3.3.2.jar:/Users/sathishkumar/.m2/repository/org/seleniumhq/selenium/selenium-ie-driver/4.16.0/selenium-ie-driver-4.16.0.jar:/Users/sathishkumar/.m2/repository/org/seleniumhq/selenium/selenium-remote-driver/4.16.0/selenium-remote-driver-4.16.0.jar:/Users/sathishkumar/.m2/repository/io/opentelemetry/opentelemetry-api/1.28.0/opentelemetry-api-1.28.0.jar:/Users/sathishkumar/.m2/repository/io/opentelemetry/opentelemetry-context/1.28.0/opentelemetry-context-1.28.0.jar:/Users/sathishkumar/.m2/repository/io/opentelemetry/opentelemetry-exporter-logging/1.28.0/opentelemetry-exporter-logging-1.28.0.jar:/Users/sathishkumar/.m2/repository/io/opentelemetry/opentelemetry-sdk-metrics/1.28.0/opentelemetry-sdk-metrics-1.28.0.jar:/Users/sathishkumar/.m2/repository/io/opentelemetry/opentelemetry-extension-incubator/1.28.0-alpha/opentelemetry-extension-incubator-1.28.0-alpha.jar:/Users/sathishkumar/.m2/repository/io/opentelemetry/opentelemetry-sdk-logs/1.28.0/opentelemetry-sdk-logs-1.28.0.jar:/Users/sathishkumar/.m2/repository/io/opentelemetry/opentelemetry-sdk-common/1.28.0/opentelemetry-sdk-common-1.28.0.jar:/Users/sathishkumar/.m2/repository/io/opentelemetry/opentelemetry-sdk-extension-autoconfigure-spi/1.28.0/opentelemetry-sdk-extension-autoconfigure-spi-1.28.0.jar:/Users/sathishkumar/.m2/repository/io/opentelemetry/opentelemetry-sdk-extension-autoconfigure/1.28.0/opentelemetry-sdk-extension-autoconfigure-1.28.0.jar:/Users/sathishkumar/.m2/repository/io/opentelemetry/opentelemetry-api-events/1.28.0-alpha/opentelemetry-api-events-1.28.0-alpha.jar:/Users/sathishkumar/.m2/repository/io/opentelemetry/opentelemetry-sdk-trace/1.28.0/opentelemetry-sdk-trace-1.28.0.jar:/Users/sathishkumar/.m2/repository/io/opentelemetry/opentelemetry-sdk/1.28.0/opentelemetry-sdk-1.28.0.jar:/Users/sathishkumar/.m2/repository/io/opentelemetry/opentelemetry-semconv/1.28.0-alpha/opentelemetry-semconv-1.28.0-alpha.jar:/Users/sathishkumar/.m2/repository/net/bytebuddy/byte-buddy/1.14.5/byte-buddy-1.14.5.jar:/Users/sathishkumar/.m2/repository/org/seleniumhq/selenium/selenium-os/4.16.0/selenium-os-4.16.0.jar:/Users/sathishkumar/.m2/repository/org/apache/commons/commons-exec/1.3/commons-exec-1.3.jar:/Users/sathishkumar/.m2/repository/org/seleniumhq/selenium/selenium-safari-driver/4.16.0/selenium-safari-driver-4.16.0.jar:/Users/sathishkumar/.m2/repository/org/seleniumhq/selenium/selenium-support/4.16.0/selenium-support-4.16.0.jar:/Users/sathishkumar/.m2/repository/io/cucumber/cucumber-picocontainer/7.14.0/cucumber-picocontainer-7.14.0.jar:/Users/sathishkumar/.m2/repository/io/cucumber/cucumber-core/7.14.0/cucumber-core-7.14.0.jar:/Users/sathishkumar/.m2/repository/io/cucumber/cucumber-gherkin/7.14.0/cucumber-gherkin-7.14.0.jar:/Users/sathishkumar/.m2/repository/io/cucumber/cucumber-gherkin-messages/7.14.0/cucumber-gherkin-messages-7.14.0.jar:/Users/sathishkumar/.m2/repository/io/cucumber/messages/22.0.0/messages-22.0.0.jar:/Users/sathishkumar/.m2/repository/io/cucumber/tag-expressions/5.0.6/tag-expressions-5.0.6.jar:/Users/sathishkumar/.m2/repository/io/cucumber/cucumber-expressions/16.1.2/cucumber-expressions-16.1.2.jar:/Users/sathishkumar/.m2/repository/io/cucumber/datatable/7.14.0/datatable-7.14.0.jar:/Users/sathishkumar/.m2/repository/io/cucumber/cucumber-plugin/7.14.0/cucumber-plugin-7.14.0.jar:/Users/sathishkumar/.m2/repository/io/cucumber/docstring/7.14.0/docstring-7.14.0.jar:/Users/sathishkumar/.m2/repository/io/cucumber/html-formatter/20.4.0/html-formatter-20.4.0.jar:/Users/sathishkumar/.m2/repository/io/cucumber/junit-xml-formatter/0.2.0/junit-xml-formatter-0.2.0.jar:/Users/sathishkumar/.m2/repository/io/cucumber/ci-environment/9.2.0/ci-environment-9.2.0.jar:/Users/sathishkumar/.m2/repository/org/apiguardian/apiguardian-api/1.1.2/apiguardian-api-1.1.2.jar:/Users/sathishkumar/.m2/repository/org/picocontainer/picocontainer/2.15/picocontainer-2.15.jar:/Users/sathishkumar/.m2/repository/net/masterthought/cucumber-reporting/5.6.1/cucumber-reporting-5.6.1.jar:/Users/sathishkumar/.m2/repository/com/fasterxml/jackson/core/jackson-databind/2.12.1/jackson-databind-2.12.1.jar:/Users/sathishkumar/.m2/repository/com/fasterxml/jackson/core/jackson-annotations/2.12.1/jackson-annotations-2.12.1.jar:/Users/sathishkumar/.m2/repository/com/fasterxml/jackson/core/jackson-core/2.12.1/jackson-core-2.12.1.jar:/Users/sathishkumar/.m2/repository/com/fasterxml/jackson/datatype/jackson-datatype-jsr310/2.12.1/jackson-datatype-jsr310-2.12.1.jar:/Users/sathishkumar/.m2/repository/org/apache/velocity/velocity-engine-core/2.3/velocity-engine-core-2.3.jar:/Users/sathishkumar/.m2/repository/commons-collections/commons-collections/3.2.2/commons-collections-3.2.2.jar:/Users/sathishkumar/.m2/repository/joda-time/joda-time/2.10.10/joda-time-2.10.10.jar:/Users/sathishkumar/.m2/repository/org/apache/commons/commons-lang3/3.12.0/commons-lang3-3.12.0.jar:/Users/sathishkumar/.m2/repository/org/codehaus/plexus/plexus-utils/3.3.0/plexus-utils-3.3.0.jar:/Users/sathishkumar/.m2/repository/org/jsoup/jsoup/1.14.2/jsoup-1.14.2.jar:/Users/sathishkumar/.m2/repository/com/google/guava/guava/30.1.1-jre/guava-30.1.1-jre.jar:/Users/sathishkumar/.m2/repository/com/google/guava/failureaccess/1.0.1/failureaccess-1.0.1.jar:/Users/sathishkumar/.m2/repository/com/google/guava/listenablefuture/9999.0-empty-to-avoid-conflict-with-guava/listenablefuture-9999.0-empty-to-avoid-conflict-with-guava.jar:/Users/sathishkumar/.m2/repository/com/google/code/findbugs/jsr305/3.0.2/jsr305-3.0.2.jar:/Users/sathishkumar/.m2/repository/org/checkerframework/checker-qual/3.8.0/checker-qual-3.8.0.jar:/Users/sathishkumar/.m2/repository/com/google/errorprone/error_prone_annotations/2.5.1/error_prone_annotations-2.5.1.jar:/Users/sathishkumar/.m2/repository/com/google/j2objc/j2objc-annotations/1.3/j2objc-annotations-1.3.jar:/Users/sathishkumar/.m2/repository/com/googlecode/owasp-java-html-sanitizer/owasp-java-html-sanitizer/20211018.2/owasp-java-html-sanitizer-20211018.2.jar:/Users/sathishkumar/.m2/repository/commons-configuration/commons-configuration/1.10/commons-configuration-1.10.jar:/Users/sathishkumar/.m2/repository/commons-lang/commons-lang/2.6/commons-lang-2.6.jar:/Users/sathishkumar/.m2/repository/commons-logging/commons-logging/1.1.1/commons-logging-1.1.1.jar:/Users/sathishkumar/.m2/repository/commons-io/commons-io/2.14.0/commons-io-2.14.0.jar:/Users/sathishkumar/.m2/repository/tech/grasshopper/extentreports-cucumber7-adapter/1.14.0/extentreports-cucumber7-adapter-1.14.0.jar:/Users/sathishkumar/.m2/repository/tech/grasshopper/extent-pdf-report/2.12.0/extent-pdf-report-2.12.0.jar:/Users/sathishkumar/.m2/repository/tech/grasshopper/cucumber-pdf-report/2.14.0/cucumber-pdf-report-2.14.0.jar:/Users/sathishkumar/.m2/repository/org/apache/pdfbox/pdfbox/2.0.26/pdfbox-2.0.26.jar:/Users/sathishkumar/.m2/repository/org/apache/pdfbox/fontbox/2.0.26/fontbox-2.0.26.jar:/Users/sathishkumar/.m2/repository/org/knowm/xchart/xchart/3.8.0/xchart-3.8.0.jar:/Users/sathishkumar/.m2/repository/de/erichseifert/vectorgraphics2d/VectorGraphics2D/0.13/VectorGraphics2D-0.13.jar:/Users/sathishkumar/.m2/repository/de/rototor/pdfbox/graphics2d/0.30/graphics2d-0.30.jar:/Users/sathishkumar/.m2/repository/com/madgag/animated-gif-lib/1.4/animated-gif-lib-1.4.jar:/Users/sathishkumar/.m2/repository/org/yaml/snakeyaml/2.0/snakeyaml-2.0.jar:/Users/sathishkumar/.m2/repository/tech/grasshopper/table-layout/1.5.1/table-layout-1.5.1.jar:/Users/sathishkumar/.m2/repository/tech/grasshopper/rest-assured-cucumber-pdf-report/1.5.0/rest-assured-cucumber-pdf-report-1.5.0.jar:/Users/sathishkumar/.m2/repository/com/aventstack/klov-reporter/5.1.0/klov-reporter-5.1.0.jar:/Users/sathishkumar/.m2/repository/org/mongodb/bson/3.6.4/bson-3.6.4.jar:/Users/sathishkumar/.m2/repository/org/apache/httpcomponents/httpclient/4.5.13/httpclient-4.5.13.jar:/Users/sathishkumar/.m2/repository/org/apache/httpcomponents/httpcore/4.4.13/httpcore-4.4.13.jar:/Users/sathishkumar/.m2/repository/org/apache/httpcomponents/httpmime/4.5.13/httpmime-4.5.13.jar:/Users/sathishkumar/.m2/repository/tech/grasshopper/htmlextentreporter/1.1.0/htmlextentreporter-1.1.0.jar:/Users/sathishkumar/.m2/repository/tech/grasshopper/extent-excel-report/1.4.0/extent-excel-report-1.4.0.jar:/Users/sathishkumar/.m2/repository/com/aventstack/extentreports/5.1.1/extentreports-5.1.1.jar:/Users/sathishkumar/.m2/repository/io/reactivex/rxjava3/rxjava/3.1.6/rxjava-3.1.6.jar:/Users/sathishkumar/.m2/repository/org/reactivestreams/reactive-streams/1.0.4/reactive-streams-1.0.4.jar:/Users/sathishkumar/.m2/repository/org/freemarker/freemarker/2.3.32/freemarker-2.3.32.jar:/Users/sathishkumar/.m2/repository/org/projectlombok/lombok/1.18.26/lombok-1.18.26.jar:/Users/sathishkumar/.m2/repository/com/google/code/gson/gson/2.10.1/gson-2.10.1.jar:/Users/sathishkumar/.m2/repository/io/qameta/allure/allure-cucumber7-jvm/2.25.0/allure-cucumber7-jvm-2.25.0.jar:/Users/sathishkumar/.m2/repository/io/qameta/allure/allure-java-commons/2.25.0/allure-java-commons-2.25.0.jar:/Users/sathishkumar/.m2/repository/io/qameta/allure/allure-model/2.25.0/allure-model-2.25.0.jar:/Users/sathishkumar/.m2/repository/io/cucumber/gherkin/26.2.0/gherkin-26.2.0.jar:/Users/sathishkumar/.m2/repository/io/qameta/allure/allure-junit5/2.25.0/allure-junit5-2.25.0.jar:/Users/sathishkumar/.m2/repository/io/qameta/allure/allure-junit-platform/2.25.0/allure-junit-platform-2.25.0.jar:/Users/sathishkumar/.m2/repository/io/qameta/allure/allure-test-filter/2.25.0/allure-test-filter-2.25.0.jar:/Users/sathishkumar/.m2/repository/org/junit/jupiter/junit-jupiter-api/5.9.2/junit-jupiter-api-5.9.2.jar:/Users/sathishkumar/.m2/repository/org/opentest4j/opentest4j/1.2.0/opentest4j-1.2.0.jar:/Users/sathishkumar/.m2/repository/org/junit/platform/junit-platform-commons/1.9.2/junit-platform-commons-1.9.2.jar:/Users/sathishkumar/.m2/repository/org/junit/platform/junit-platform-launcher/1.9.2/junit-platform-launcher-1.9.2.jar:/Users/sathishkumar/.m2/repository/org/junit/platform/junit-platform-engine/1.9.2/junit-platform-engine-1.9.2.jar:/Users/sathishkumar/.m2/repository/org/apache/poi/poi/5.2.4/poi-5.2.4.jar:/Users/sathishkumar/.m2/repository/commons-codec/commons-codec/1.16.0/commons-codec-1.16.0.jar:/Users/sathishkumar/.m2/repository/org/apache/commons/commons-collections4/4.4/commons-collections4-4.4.jar:/Users/sathishkumar/.m2/repository/org/apache/commons/commons-math3/3.6.1/commons-math3-3.6.1.jar:/Users/sathishkumar/.m2/repository/com/zaxxer/SparseBitSet/1.3/SparseBitSet-1.3.jar:/Users/sathishkumar/.m2/repository/org/apache/poi/poi-ooxml/5.2.4/poi-ooxml-5.2.4.jar:/Users/sathishkumar/.m2/repository/org/apache/poi/poi-ooxml-lite/5.2.4/poi-ooxml-lite-5.2.4.jar:/Users/sathishkumar/.m2/repository/org/apache/xmlbeans/xmlbeans/5.1.1/xmlbeans-5.1.1.jar:/Users/sathishkumar/.m2/repository/org/apache/commons/commons-compress/1.24.0/commons-compress-1.24.0.jar:/Users/sathishkumar/.m2/repository/com/github/virtuald/curvesapi/1.08/curvesapi-1.08.jar:/Users/sathishkumar/.m2/repository/org/testng/testng/7.8.0/testng-7.8.0.jar:/Users/sathishkumar/.m2/repository/org/slf4j/slf4j-api/1.7.36/slf4j-api-1.7.36.jar:/Users/sathishkumar/.m2/repository/com/beust/jcommander/1.82/jcommander-1.82.jar:/Users/sathishkumar/.m2/repository/org/webjars/jquery/3.6.1/jquery-3.6.1.jar:/Users/sathishkumar/.m2/repository/org/slf4j/slf4j-simple/2.0.7/slf4j-simple-2.0.7.jar:/Users/sathishkumar/.m2/repository/org/apache/logging/log4j/log4j-api/2.22.0/log4j-api-2.22.0.jar:/Users/sathishkumar/.m2/repository/org/apache/logging/log4j/log4j-core/2.22.0/log4j-core-2.22.0.jar:/Users/sathishkumar/.m2/repository/io/cucumber/cucumber-java/7.14.0/cucumber-java-7.14.0.jar:/Users/sathishkumar/.m2/repository/com/aventstack/extentreports-testng-adapter/1.2.2/extentreports-testng-adapter-1.2.2.jar:/Users/sathishkumar/.m2/repository/org/mongodb/mongodb-driver/3.3.0/mongodb-driver-3.3.0.jar:/Users/sathishkumar/.m2/repository/org/mongodb/mongodb-driver-core/3.3.0/mongodb-driver-core-3.3.0.jar:/Users/sathishkumar/.m2/repository/io/cucumber/cucumber-testng/7.14.0/cucumber-testng-7.14.0.jar:/Users/sathishkumar/.m2/repository/io/cucumber/cucumber-junit/7.14.0/cucumber-junit-7.14.0.jar:/Users/sathishkumar/.m2/repository/junit/junit/4.13.2/junit-4.13.2.jar:/Users/sathishkumar/.m2/repository/org/hamcrest/hamcrest-core/1.3/hamcrest-core-1.3.jar:/Users/sathishkumar/.m2/repository/com/opencsv/opencsv/5.9/opencsv-5.9.jar:/Users/sathishkumar/.m2/repository/org/apache/commons/commons-text/1.11.0/commons-text-1.11.0.jar:/Users/sathishkumar/.m2/repository/commons-beanutils/commons-beanutils/1.9.4/commons-beanutils-1.9.4.jar:"/>
    <property name="java.vm.vendor" value="Oracle Corporation"/>
    <property name="sun.arch.data.model" value="64"/>
    <property name="java.vendor.url" value="https://java.oracle.com/"/>
    <property name="user.timezone" value="America/New_York"/>
    <property name="os.name" value="Mac OS X"/>
    <property name="java.vm.specification.version" value="21"/>
    <property name="sun.java.launcher" value="SUN_STANDARD"/>
    <property name="user.country" value="US"/>
    <property name="sun.boot.library.path" value="/Library/Java/JavaVirtualMachines/jdk-21.jdk/Contents/Home/lib"/>
    <property name="sun.java.command" value="/Users/sathishkumar/eclipse-workspace/projectcucumber/target/surefire/surefirebooter-20240119095323564_3.jar /Users/sathishkumar/eclipse-workspace/projectcucumber/target/surefire 2024-01-19T09-53-23_522-jvmRun1 surefire-20240119095323564_1tmp surefire_0-20240119095323564_2tmp"/>
    <property name="http.nonProxyHosts" value="local|*.local|169.254/16|*.169.254/16"/>
    <property name="jdk.debug" value="release"/>
    <property name="surefire.test.class.path" value="/Users/sathishkumar/eclipse-workspace/projectcucumber/target/test-classes:/Users/sathishkumar/eclipse-workspace/projectcucumber/target/classes:/Users/sathishkumar/.m2/repository/org/seleniumhq/selenium/selenium-java/4.16.0/selenium-java-4.16.0.jar:/Users/sathishkumar/.m2/repository/org/seleniumhq/selenium/selenium-api/4.16.0/selenium-api-4.16.0.jar:/Users/sathishkumar/.m2/repository/org/seleniumhq/selenium/selenium-chrome-driver/4.16.0/selenium-chrome-driver-4.16.0.jar:/Users/sathishkumar/.m2/repository/com/google/auto/service/auto-service-annotations/1.1.1/auto-service-annotations-1.1.1.jar:/Users/sathishkumar/.m2/repository/org/seleniumhq/selenium/selenium-chromium-driver/4.16.0/selenium-chromium-driver-4.16.0.jar:/Users/sathishkumar/.m2/repository/org/seleniumhq/selenium/selenium-json/4.16.0/selenium-json-4.16.0.jar:/Users/sathishkumar/.m2/repository/org/seleniumhq/selenium/selenium-manager/4.16.0/selenium-manager-4.16.0.jar:/Users/sathishkumar/.m2/repository/org/seleniumhq/selenium/selenium-devtools-v118/4.16.0/selenium-devtools-v118-4.16.0.jar:/Users/sathishkumar/.m2/repository/org/seleniumhq/selenium/selenium-devtools-v119/4.16.0/selenium-devtools-v119-4.16.0.jar:/Users/sathishkumar/.m2/repository/org/seleniumhq/selenium/selenium-devtools-v120/4.16.0/selenium-devtools-v120-4.16.0.jar:/Users/sathishkumar/.m2/repository/org/seleniumhq/selenium/selenium-devtools-v85/4.16.0/selenium-devtools-v85-4.16.0.jar:/Users/sathishkumar/.m2/repository/org/seleniumhq/selenium/selenium-edge-driver/4.16.0/selenium-edge-driver-4.16.0.jar:/Users/sathishkumar/.m2/repository/org/seleniumhq/selenium/selenium-firefox-driver/4.16.0/selenium-firefox-driver-4.16.0.jar:/Users/sathishkumar/.m2/repository/org/seleniumhq/selenium/selenium-http/4.16.0/selenium-http-4.16.0.jar:/Users/sathishkumar/.m2/repository/dev/failsafe/failsafe/3.3.2/failsafe-3.3.2.jar:/Users/sathishkumar/.m2/repository/org/seleniumhq/selenium/selenium-ie-driver/4.16.0/selenium-ie-driver-4.16.0.jar:/Users/sathishkumar/.m2/repository/org/seleniumhq/selenium/selenium-remote-driver/4.16.0/selenium-remote-driver-4.16.0.jar:/Users/sathishkumar/.m2/repository/io/opentelemetry/opentelemetry-api/1.28.0/opentelemetry-api-1.28.0.jar:/Users/sathishkumar/.m2/repository/io/opentelemetry/opentelemetry-context/1.28.0/opentelemetry-context-1.28.0.jar:/Users/sathishkumar/.m2/repository/io/opentelemetry/opentelemetry-exporter-logging/1.28.0/opentelemetry-exporter-logging-1.28.0.jar:/Users/sathishkumar/.m2/repository/io/opentelemetry/opentelemetry-sdk-metrics/1.28.0/opentelemetry-sdk-metrics-1.28.0.jar:/Users/sathishkumar/.m2/repository/io/opentelemetry/opentelemetry-extension-incubator/1.28.0-alpha/opentelemetry-extension-incubator-1.28.0-alpha.jar:/Users/sathishkumar/.m2/repository/io/opentelemetry/opentelemetry-sdk-logs/1.28.0/opentelemetry-sdk-logs-1.28.0.jar:/Users/sathishkumar/.m2/repository/io/opentelemetry/opentelemetry-sdk-common/1.28.0/opentelemetry-sdk-common-1.28.0.jar:/Users/sathishkumar/.m2/repository/io/opentelemetry/opentelemetry-sdk-extension-autoconfigure-spi/1.28.0/opentelemetry-sdk-extension-autoconfigure-spi-1.28.0.jar:/Users/sathishkumar/.m2/repository/io/opentelemetry/opentelemetry-sdk-extension-autoconfigure/1.28.0/opentelemetry-sdk-extension-autoconfigure-1.28.0.jar:/Users/sathishkumar/.m2/repository/io/opentelemetry/opentelemetry-api-events/1.28.0-alpha/opentelemetry-api-events-1.28.0-alpha.jar:/Users/sathishkumar/.m2/repository/io/opentelemetry/opentelemetry-sdk-trace/1.28.0/opentelemetry-sdk-trace-1.28.0.jar:/Users/sathishkumar/.m2/repository/io/opentelemetry/opentelemetry-sdk/1.28.0/opentelemetry-sdk-1.28.0.jar:/Users/sathishkumar/.m2/repository/io/opentelemetry/opentelemetry-semconv/1.28.0-alpha/opentelemetry-semconv-1.28.0-alpha.jar:/Users/sathishkumar/.m2/repository/net/bytebuddy/byte-buddy/1.14.5/byte-buddy-1.14.5.jar:/Users/sathishkumar/.m2/repository/org/seleniumhq/selenium/selenium-os/4.16.0/selenium-os-4.16.0.jar:/Users/sathishkumar/.m2/repository/org/apache/commons/commons-exec/1.3/commons-exec-1.3.jar:/Users/sathishkumar/.m2/repository/org/seleniumhq/selenium/selenium-safari-driver/4.16.0/selenium-safari-driver-4.16.0.jar:/Users/sathishkumar/.m2/repository/org/seleniumhq/selenium/selenium-support/4.16.0/selenium-support-4.16.0.jar:/Users/sathishkumar/.m2/repository/io/cucumber/cucumber-picocontainer/7.14.0/cucumber-picocontainer-7.14.0.jar:/Users/sathishkumar/.m2/repository/io/cucumber/cucumber-core/7.14.0/cucumber-core-7.14.0.jar:/Users/sathishkumar/.m2/repository/io/cucumber/cucumber-gherkin/7.14.0/cucumber-gherkin-7.14.0.jar:/Users/sathishkumar/.m2/repository/io/cucumber/cucumber-gherkin-messages/7.14.0/cucumber-gherkin-messages-7.14.0.jar:/Users/sathishkumar/.m2/repository/io/cucumber/messages/22.0.0/messages-22.0.0.jar:/Users/sathishkumar/.m2/repository/io/cucumber/tag-expressions/5.0.6/tag-expressions-5.0.6.jar:/Users/sathishkumar/.m2/repository/io/cucumber/cucumber-expressions/16.1.2/cucumber-expressions-16.1.2.jar:/Users/sathishkumar/.m2/repository/io/cucumber/datatable/7.14.0/datatable-7.14.0.jar:/Users/sathishkumar/.m2/repository/io/cucumber/cucumber-plugin/7.14.0/cucumber-plugin-7.14.0.jar:/Users/sathishkumar/.m2/repository/io/cucumber/docstring/7.14.0/docstring-7.14.0.jar:/Users/sathishkumar/.m2/repository/io/cucumber/html-formatter/20.4.0/html-formatter-20.4.0.jar:/Users/sathishkumar/.m2/repository/io/cucumber/junit-xml-formatter/0.2.0/junit-xml-formatter-0.2.0.jar:/Users/sathishkumar/.m2/repository/io/cucumber/ci-environment/9.2.0/ci-environment-9.2.0.jar:/Users/sathishkumar/.m2/repository/org/apiguardian/apiguardian-api/1.1.2/apiguardian-api-1.1.2.jar:/Users/sathishkumar/.m2/repository/org/picocontainer/picocontainer/2.15/picocontainer-2.15.jar:/Users/sathishkumar/.m2/repository/net/masterthought/cucumber-reporting/5.6.1/cucumber-reporting-5.6.1.jar:/Users/sathishkumar/.m2/repository/com/fasterxml/jackson/core/jackson-databind/2.12.1/jackson-databind-2.12.1.jar:/Users/sathishkumar/.m2/repository/com/fasterxml/jackson/core/jackson-annotations/2.12.1/jackson-annotations-2.12.1.jar:/Users/sathishkumar/.m2/repository/com/fasterxml/jackson/core/jackson-core/2.12.1/jackson-core-2.12.1.jar:/Users/sathishkumar/.m2/repository/com/fasterxml/jackson/datatype/jackson-datatype-jsr310/2.12.1/jackson-datatype-jsr310-2.12.1.jar:/Users/sathishkumar/.m2/repository/org/apache/velocity/velocity-engine-core/2.3/velocity-engine-core-2.3.jar:/Users/sathishkumar/.m2/repository/commons-collections/commons-collections/3.2.2/commons-collections-3.2.2.jar:/Users/sathishkumar/.m2/repository/joda-time/joda-time/2.10.10/joda-time-2.10.10.jar:/Users/sathishkumar/.m2/repository/org/apache/commons/commons-lang3/3.12.0/commons-lang3-3.12.0.jar:/Users/sathishkumar/.m2/repository/org/codehaus/plexus/plexus-utils/3.3.0/plexus-utils-3.3.0.jar:/Users/sathishkumar/.m2/repository/org/jsoup/jsoup/1.14.2/jsoup-1.14.2.jar:/Users/sathishkumar/.m2/repository/com/google/guava/guava/30.1.1-jre/guava-30.1.1-jre.jar:/Users/sathishkumar/.m2/repository/com/google/guava/failureaccess/1.0.1/failureaccess-1.0.1.jar:/Users/sathishkumar/.m2/repository/com/google/guava/listenablefuture/9999.0-empty-to-avoid-conflict-with-guava/listenablefuture-9999.0-empty-to-avoid-conflict-with-guava.jar:/Users/sathishkumar/.m2/repository/com/google/code/findbugs/jsr305/3.0.2/jsr305-3.0.2.jar:/Users/sathishkumar/.m2/repository/org/checkerframework/checker-qual/3.8.0/checker-qual-3.8.0.jar:/Users/sathishkumar/.m2/repository/com/google/errorprone/error_prone_annotations/2.5.1/error_prone_annotations-2.5.1.jar:/Users/sathishkumar/.m2/repository/com/google/j2objc/j2objc-annotations/1.3/j2objc-annotations-1.3.jar:/Users/sathishkumar/.m2/repository/com/googlecode/owasp-java-html-sanitizer/owasp-java-html-sanitizer/20211018.2/owasp-java-html-sanitizer-20211018.2.jar:/Users/sathishkumar/.m2/repository/commons-configuration/commons-configuration/1.10/commons-configuration-1.10.jar:/Users/sathishkumar/.m2/repository/commons-lang/commons-lang/2.6/commons-lang-2.6.jar:/Users/sathishkumar/.m2/repository/commons-logging/commons-logging/1.1.1/commons-logging-1.1.1.jar:/Users/sathishkumar/.m2/repository/commons-io/commons-io/2.14.0/commons-io-2.14.0.jar:/Users/sathishkumar/.m2/repository/tech/grasshopper/extentreports-cucumber7-adapter/1.14.0/extentreports-cucumber7-adapter-1.14.0.jar:/Users/sathishkumar/.m2/repository/tech/grasshopper/extent-pdf-report/2.12.0/extent-pdf-report-2.12.0.jar:/Users/sathishkumar/.m2/repository/tech/grasshopper/cucumber-pdf-report/2.14.0/cucumber-pdf-report-2.14.0.jar:/Users/sathishkumar/.m2/repository/org/apache/pdfbox/pdfbox/2.0.26/pdfbox-2.0.26.jar:/Users/sathishkumar/.m2/repository/org/apache/pdfbox/fontbox/2.0.26/fontbox-2.0.26.jar:/Users/sathishkumar/.m2/repository/org/knowm/xchart/xchart/3.8.0/xchart-3.8.0.jar:/Users/sathishkumar/.m2/repository/de/erichseifert/vectorgraphics2d/VectorGraphics2D/0.13/VectorGraphics2D-0.13.jar:/Users/sathishkumar/.m2/repository/de/rototor/pdfbox/graphics2d/0.30/graphics2d-0.30.jar:/Users/sathishkumar/.m2/repository/com/madgag/animated-gif-lib/1.4/animated-gif-lib-1.4.jar:/Users/sathishkumar/.m2/repository/org/yaml/snakeyaml/2.0/snakeyaml-2.0.jar:/Users/sathishkumar/.m2/repository/tech/grasshopper/table-layout/1.5.1/table-layout-1.5.1.jar:/Users/sathishkumar/.m2/repository/tech/grasshopper/rest-assured-cucumber-pdf-report/1.5.0/rest-assured-cucumber-pdf-report-1.5.0.jar:/Users/sathishkumar/.m2/repository/com/aventstack/klov-reporter/5.1.0/klov-reporter-5.1.0.jar:/Users/sathishkumar/.m2/repository/org/mongodb/bson/3.6.4/bson-3.6.4.jar:/Users/sathishkumar/.m2/repository/org/apache/httpcomponents/httpclient/4.5.13/httpclient-4.5.13.jar:/Users/sathishkumar/.m2/repository/org/apache/httpcomponents/httpcore/4.4.13/httpcore-4.4.13.jar:/Users/sathishkumar/.m2/repository/org/apache/httpcomponents/httpmime/4.5.13/httpmime-4.5.13.jar:/Users/sathishkumar/.m2/repository/tech/grasshopper/htmlextentreporter/1.1.0/htmlextentreporter-1.1.0.jar:/Users/sathishkumar/.m2/repository/tech/grasshopper/extent-excel-report/1.4.0/extent-excel-report-1.4.0.jar:/Users/sathishkumar/.m2/repository/com/aventstack/extentreports/5.1.1/extentreports-5.1.1.jar:/Users/sathishkumar/.m2/repository/io/reactivex/rxjava3/rxjava/3.1.6/rxjava-3.1.6.jar:/Users/sathishkumar/.m2/repository/org/reactivestreams/reactive-streams/1.0.4/reactive-streams-1.0.4.jar:/Users/sathishkumar/.m2/repository/org/freemarker/freemarker/2.3.32/freemarker-2.3.32.jar:/Users/sathishkumar/.m2/repository/org/projectlombok/lombok/1.18.26/lombok-1.18.26.jar:/Users/sathishkumar/.m2/repository/com/google/code/gson/gson/2.10.1/gson-2.10.1.jar:/Users/sathishkumar/.m2/repository/io/qameta/allure/allure-cucumber7-jvm/2.25.0/allure-cucumber7-jvm-2.25.0.jar:/Users/sathishkumar/.m2/repository/io/qameta/allure/allure-java-commons/2.25.0/allure-java-commons-2.25.0.jar:/Users/sathishkumar/.m2/repository/io/qameta/allure/allure-model/2.25.0/allure-model-2.25.0.jar:/Users/sathishkumar/.m2/repository/io/cucumber/gherkin/26.2.0/gherkin-26.2.0.jar:/Users/sathishkumar/.m2/repository/io/qameta/allure/allure-junit5/2.25.0/allure-junit5-2.25.0.jar:/Users/sathishkumar/.m2/repository/io/qameta/allure/allure-junit-platform/2.25.0/allure-junit-platform-2.25.0.jar:/Users/sathishkumar/.m2/repository/io/qameta/allure/allure-test-filter/2.25.0/allure-test-filter-2.25.0.jar:/Users/sathishkumar/.m2/repository/org/junit/jupiter/junit-jupiter-api/5.9.2/junit-jupiter-api-5.9.2.jar:/Users/sathishkumar/.m2/repository/org/opentest4j/opentest4j/1.2.0/opentest4j-1.2.0.jar:/Users/sathishkumar/.m2/repository/org/junit/platform/junit-platform-commons/1.9.2/junit-platform-commons-1.9.2.jar:/Users/sathishkumar/.m2/repository/org/junit/platform/junit-platform-launcher/1.9.2/junit-platform-launcher-1.9.2.jar:/Users/sathishkumar/.m2/repository/org/junit/platform/junit-platform-engine/1.9.2/junit-platform-engine-1.9.2.jar:/Users/sathishkumar/.m2/repository/org/apache/poi/poi/5.2.4/poi-5.2.4.jar:/Users/sathishkumar/.m2/repository/commons-codec/commons-codec/1.16.0/commons-codec-1.16.0.jar:/Users/sathishkumar/.m2/repository/org/apache/commons/commons-collections4/4.4/commons-collections4-4.4.jar:/Users/sathishkumar/.m2/repository/org/apache/commons/commons-math3/3.6.1/commons-math3-3.6.1.jar:/Users/sathishkumar/.m2/repository/com/zaxxer/SparseBitSet/1.3/SparseBitSet-1.3.jar:/Users/sathishkumar/.m2/repository/org/apache/poi/poi-ooxml/5.2.4/poi-ooxml-5.2.4.jar:/Users/sathishkumar/.m2/repository/org/apache/poi/poi-ooxml-lite/5.2.4/poi-ooxml-lite-5.2.4.jar:/Users/sathishkumar/.m2/repository/org/apache/xmlbeans/xmlbeans/5.1.1/xmlbeans-5.1.1.jar:/Users/sathishkumar/.m2/repository/org/apache/commons/commons-compress/1.24.0/commons-compress-1.24.0.jar:/Users/sathishkumar/.m2/repository/com/github/virtuald/curvesapi/1.08/curvesapi-1.08.jar:/Users/sathishkumar/.m2/repository/org/testng/testng/7.8.0/testng-7.8.0.jar:/Users/sathishkumar/.m2/repository/org/slf4j/slf4j-api/1.7.36/slf4j-api-1.7.36.jar:/Users/sathishkumar/.m2/repository/com/beust/jcommander/1.82/jcommander-1.82.jar:/Users/sathishkumar/.m2/repository/org/webjars/jquery/3.6.1/jquery-3.6.1.jar:/Users/sathishkumar/.m2/repository/org/slf4j/slf4j-simple/2.0.7/slf4j-simple-2.0.7.jar:/Users/sathishkumar/.m2/repository/org/apache/logging/log4j/log4j-api/2.22.0/log4j-api-2.22.0.jar:/Users/sathishkumar/.m2/repository/org/apache/logging/log4j/log4j-core/2.22.0/log4j-core-2.22.0.jar:/Users/sathishkumar/.m2/repository/io/cucumber/cucumber-java/7.14.0/cucumber-java-7.14.0.jar:/Users/sathishkumar/.m2/repository/com/aventstack/extentreports-testng-adapter/1.2.2/extentreports-testng-adapter-1.2.2.jar:/Users/sathishkumar/.m2/repository/org/mongodb/mongodb-driver/3.3.0/mongodb-driver-3.3.0.jar:/Users/sathishkumar/.m2/repository/org/mongodb/mongodb-driver-core/3.3.0/mongodb-driver-core-3.3.0.jar:/Users/sathishkumar/.m2/repository/io/cucumber/cucumber-testng/7.14.0/cucumber-testng-7.14.0.jar:/Users/sathishkumar/.m2/repository/io/cucumber/cucumber-junit/7.14.0/cucumber-junit-7.14.0.jar:/Users/sathishkumar/.m2/repository/junit/junit/4.13.2/junit-4.13.2.jar:/Users/sathishkumar/.m2/repository/org/hamcrest/hamcrest-core/1.3/hamcrest-core-1.3.jar:/Users/sathishkumar/.m2/repository/com/opencsv/opencsv/5.9/opencsv-5.9.jar:/Users/sathishkumar/.m2/repository/org/apache/commons/commons-text/1.11.0/commons-text-1.11.0.jar:/Users/sathishkumar/.m2/repository/commons-beanutils/commons-beanutils/1.9.4/commons-beanutils-1.9.4.jar:"/>
    <property name="sun.cpu.endian" value="little"/>
    <property name="user.home" value="/Users/sathishkumar"/>
    <property name="user.language" value="en"/>
    <property name="java.specification.vendor" value="Oracle Corporation"/>
    <property name="java.version.date" value="2023-10-17"/>
    <property name="java.home" value="/Library/Java/JavaVirtualMachines/jdk-21.jdk/Contents/Home"/>
    <property name="file.separator" value="/"/>
    <property name="basedir" value="/Users/sathishkumar/eclipse-workspace/projectcucumber"/>
    <property name="style.color" value="always"/>
    <property name="java.vm.compressedOopsMode" value="Zero based"/>
    <property name="line.separator" value="&#10;"/>
    <property name="java.vm.specification.vendor" value="Oracle Corporation"/>
    <property name="java.specification.name" value="Java Platform API Specification"/>
    <property name="apple.awt.application.name" value="ForkedBooter"/>
    <property name="surefire.real.class.path" value="/Users/sathishkumar/eclipse-workspace/projectcucumber/target/surefire/surefirebooter-20240119095323564_3.jar"/>
    <property name="sun.management.compiler" value="HotSpot 64-Bit Tiered Compilers"/>
    <property name="ftp.nonProxyHosts" value="local|*.local|169.254/16|*.169.254/16"/>
    <property name="java.runtime.version" value="21.0.1+12-LTS-29"/>
    <property name="user.name" value="sathishkumar"/>
    <property name="stdout.encoding" value="UTF-8"/>
    <property name="path.separator" value=":"/>
    <property name="os.version" value="14.2.1"/>
    <property name="java.runtime.name" value="Java(TM) SE Runtime Environment"/>
    <property name="file.encoding" value="UTF-8"/>
    <property name="java.vm.name" value="Java HotSpot(TM) 64-Bit Server VM"/>
    <property name="localRepository" value="/Users/sathishkumar/.m2/repository"/>
    <property name="java.vendor.url.bug" value="https://bugreport.java.com/bugreport/"/>
    <property name="java.io.tmpdir" value="/var/folders/gb/z_br60gn0h5304q1w6tr0z240000gn/T/"/>
    <property name="java.version" value="21.0.1"/>
    <property name="user.dir" value="/Users/sathishkumar/eclipse-workspace/projectcucumber"/>
    <property name="os.arch" value="aarch64"/>
    <property name="java.vm.specification.name" value="Java Virtual Machine Specification"/>
    <property name="native.encoding" value="UTF-8"/>
    <property name="java.library.path" value="/Users/sathishkumar/Library/Java/Extensions:/Library/Java/Extensions:/Network/Library/Java/Extensions:/System/Library/Java/Extensions:/usr/lib/java:."/>
    <property name="java.vm.info" value="mixed mode, sharing"/>
    <property name="stderr.encoding" value="UTF-8"/>
    <property name="java.vendor" value="Oracle Corporation"/>
    <property name="java.vm.version" value="21.0.1+12-LTS-29"/>
    <property name="sun.io.unicode.encoding" value="UnicodeBig"/>
    <property name="socksNonProxyHosts" value="local|*.local|169.254/16|*.169.254/16"/>
    <property name="java.class.version" value="65.0"/>
  </properties>
  <testcase name="Open Ds Education site to get start" classname="Automation of DsPortal app  site" time="1.885">
    <system-out><![CDATA[
@a @starts
Scenario: Open Ds Education site to get start   # src/test/resources/features/Dsstart.feature:4
  Given The user opens site link                # stepdefinitions.Dsstart.the_user_opens_site_link()
  Then Site will load                           # stepdefinitions.Dsstart.site_will_load()
******Am in HOME page******
  When Click get started to enter into the site # stepdefinitions.Dsstart.click_get_started_to_enter_into_the_site()
  Then Home page will get load                  # stepdefinitions.Dsstart.home_page_will_get_load()
]]></system-out>
    <system-err><![CDATA[SLF4J: Failed to load class "org.slf4j.impl.StaticLoggerBinder".
SLF4J: Defaulting to no-operation (NOP) logger implementation
SLF4J: See http://www.slf4j.org/codes.html#StaticLoggerBinder for further details.
]]></system-err>
  </testcase>
  <testcase name="home" classname="Automates array page" time="1.621">
    <system-out><![CDATA[
@f @array1
Scenario: home                                   # src/test/resources/features/array.feature:4
  Given logged in Home page                      # stepdefinitions.Array.logged_in_home_page()
******Am in HOME page******
*****************
Given Username is::::::phoenixteam
Given Password is::::::phoenix123/
  When Clicks Get started to enter into the page # stepdefinitions.Array.clicks_get_started_to_enter_into_the_page()
  Then Shows information about arrays            # stepdefinitions.Array.shows_information_about_arrays()
]]></system-out>
  </testcase>
  <testcase name="subtopics #1" classname="Automates array page" time="0.981">
    <system-out><![CDATA[
@f @array2
Scenario Outline: subtopics                        # src/test/resources/features/array.feature:19
  Given Shows options to read more about Arrays    # stepdefinitions.Array.shows_options_to_read_more_about_arrays()
  When Clicks "Arrays in Python"                   # stepdefinitions.Array.clicks(java.lang.String)
  Then Shows Explanation                           # stepdefinitions.Array.shows_explanation()
  When Clicks Try here to run the program          # stepdefinitions.Array.clicks_try_here_to_run_the_program()
  Then It shows text area to type the phython code # stepdefinitions.Array.it_shows_text_area_to_type_the_phython_code()
  When clicks Run                                  # stepdefinitions.Array.clicks_run()
*****The square root of 8.000 is 2.828
  Then It runs the progam and Shows output         # stepdefinitions.Array.it_runs_the_progam_and_shows_output()
]]></system-out>
  </testcase>
  <testcase name="subtopics #2" classname="Automates array page" time="0.604">
    <system-out><![CDATA[
@f @array2
Scenario Outline: subtopics                        # src/test/resources/features/array.feature:20
  Given Shows options to read more about Arrays    # stepdefinitions.Array.shows_options_to_read_more_about_arrays()
  When Clicks "Arrays using List"                  # stepdefinitions.Array.clicks(java.lang.String)
  Then Shows Explanation                           # stepdefinitions.Array.shows_explanation()
  When Clicks Try here to run the program          # stepdefinitions.Array.clicks_try_here_to_run_the_program()
  Then It shows text area to type the phython code # stepdefinitions.Array.it_shows_text_area_to_type_the_phython_code()
  When clicks Run                                  # stepdefinitions.Array.clicks_run()
*****The square root of 8.000 is 2.828
  Then It runs the progam and Shows output         # stepdefinitions.Array.it_runs_the_progam_and_shows_output()
]]></system-out>
  </testcase>
  <testcase name="subtopics #3" classname="Automates array page" time="0.593">
    <system-out><![CDATA[
@f @array2
Scenario Outline: subtopics                        # src/test/resources/features/array.feature:21
  Given Shows options to read more about Arrays    # stepdefinitions.Array.shows_options_to_read_more_about_arrays()
  When Clicks "Basic operations in List"           # stepdefinitions.Array.clicks(java.lang.String)
  Then Shows Explanation                           # stepdefinitions.Array.shows_explanation()
  When Clicks Try here to run the program          # stepdefinitions.Array.clicks_try_here_to_run_the_program()
  Then It shows text area to type the phython code # stepdefinitions.Array.it_shows_text_area_to_type_the_phython_code()
  When clicks Run                                  # stepdefinitions.Array.clicks_run()
*****The square root of 8.000 is 2.828
  Then It runs the progam and Shows output         # stepdefinitions.Array.it_runs_the_progam_and_shows_output()
]]></system-out>
  </testcase>
  <testcase name="subtopics #4" classname="Automates array page" time="0.611">
    <system-out><![CDATA[
@f @array2
Scenario Outline: subtopics                        # src/test/resources/features/array.feature:22
  Given Shows options to read more about Arrays    # stepdefinitions.Array.shows_options_to_read_more_about_arrays()
  When Clicks "Applications of Array"              # stepdefinitions.Array.clicks(java.lang.String)
  Then Shows Explanation                           # stepdefinitions.Array.shows_explanation()
  When Clicks Try here to run the program          # stepdefinitions.Array.clicks_try_here_to_run_the_program()
  Then It shows text area to type the phython code # stepdefinitions.Array.it_shows_text_area_to_type_the_phython_code()
  When clicks Run                                  # stepdefinitions.Array.clicks_run()
*****The square root of 8.000 is 2.828
  Then It runs the progam and Shows output         # stepdefinitions.Array.it_runs_the_progam_and_shows_output()
]]></system-out>
  </testcase>
  <testcase name="practise questions #1" classname="Automates array page" time="0.401">
    <system-out><![CDATA[
@f @array3
Scenario Outline: practise questions                  # src/test/resources/features/array.feature:32
  Given Clicks Practise Questions                     # stepdefinitions.Array.clicks_practise_questions()
  When Clicks Question "Search the array"             # stepdefinitions.Array.clicks_question(java.lang.String)
  Then Shows Questions and text area to run the code  # stepdefinitions.Array.shows_questions_and_text_area_to_run_the_code()
****** SyntaxError: bad input on line 2
  When Enters code And Runs or Submit                 # stepdefinitions.Array.enters_code_and_runs_or_submit()
****** Submit error: 
  Then Shows Output or Alert message or error message # stepdefinitions.Array.shows_output_or_alert_message_or_error_message()
]]></system-out>
  </testcase>
  <testcase name="practise questions #2" classname="Automates array page" time="0.489">
    <system-out><![CDATA[
@f @array3
Scenario Outline: practise questions                  # src/test/resources/features/array.feature:33
  Given Clicks Practise Questions                     # stepdefinitions.Array.clicks_practise_questions()
  When Clicks Question "Max Consecutive Ones"         # stepdefinitions.Array.clicks_question(java.lang.String)
  Then Shows Questions and text area to run the code  # stepdefinitions.Array.shows_questions_and_text_area_to_run_the_code()
****** SyntaxError: bad input on line 2
  When Enters code And Runs or Submit                 # stepdefinitions.Array.enters_code_and_runs_or_submit()
****** Submit error: 
  Then Shows Output or Alert message or error message # stepdefinitions.Array.shows_output_or_alert_message_or_error_message()
]]></system-out>
  </testcase>
  <testcase name="practise questions #3" classname="Automates array page" time="0.482">
    <system-out><![CDATA[
@f @array3
Scenario Outline: practise questions                             # src/test/resources/features/array.feature:34
  Given Clicks Practise Questions                                # stepdefinitions.Array.clicks_practise_questions()
  When Clicks Question "Find Numbers with Even Number of Digits" # stepdefinitions.Array.clicks_question(java.lang.String)
  Then Shows Questions and text area to run the code             # stepdefinitions.Array.shows_questions_and_text_area_to_run_the_code()
****** SyntaxError: bad input on line 2
  When Enters code And Runs or Submit                            # stepdefinitions.Array.enters_code_and_runs_or_submit()
****** Submit error: 
  Then Shows Output or Alert message or error message            # stepdefinitions.Array.shows_output_or_alert_message_or_error_message()
]]></system-out>
  </testcase>
  <testcase name="practise questions #4" classname="Automates array page" time="0.448">
    <system-out><![CDATA[
@f @array3
Scenario Outline: practise questions                  # src/test/resources/features/array.feature:35
  Given Clicks Practise Questions                     # stepdefinitions.Array.clicks_practise_questions()
  When Clicks Question "Squares of  a Sorted Array"   # stepdefinitions.Array.clicks_question(java.lang.String)
  Then Shows Questions and text area to run the code  # stepdefinitions.Array.shows_questions_and_text_area_to_run_the_code()
****** SyntaxError: bad input on line 2
  When Enters code And Runs or Submit                 # stepdefinitions.Array.enters_code_and_runs_or_submit()
****** Submit error: 
  Then Shows Output or Alert message or error message # stepdefinitions.Array.shows_output_or_alert_message_or_error_message()
]]></system-out>
  </testcase>
  <testcase name="signout" classname="Automates array page" time="0.284">
    <system-out><![CDATA[
@f @arraysignout
Scenario: signout                           # src/test/resources/features/array.feature:37
  When Clicks signout from array page       # stepdefinitions.Array.clicks_signout_from_array_page()
  Then logged out from array Data structure # stepdefinitions.Array.logged_out_from_array_data_structure()
]]></system-out>
  </testcase>
  <testcase name="Trying to get started in Home page" classname="Starts without login" time="0.613">
    <system-out><![CDATA[
@b @getstart
Scenario: Trying to get started in Home page      # src/test/resources/features/dsget.feature:5
******Am in HOME page******
  Given Trys to get start by clicking Get started # stepdefinitions.Dsget.trys_to_get_start_by_clicking_get_started()
*****You are not logged in
  Then Alerts You are not logged in               # stepdefinitions.Dsget.alerts_you_are_not_logged_in()
  When Clicks Data Structure drop down            # stepdefinitions.Dsget.clicks_data_structure_drop_down()
  Then Shows six lists of data structure          # stepdefinitions.Dsget.shows_six_lists_of_data_structure()
  When Clicks List in Data structure              # stepdefinitions.Dsget.clicks_list_in_data_structure()
*****You are not logged in
  Then Alerts You are not logged in               # stepdefinitions.Dsget.alerts_you_are_not_logged_in()
  When Clicks Sign in To login                    # stepdefinitions.Dsget.clicks_sign_in_to_login()
  Then Navigates to login page                    # stepdefinitions.Dsget.navigates_to_login_page()
]]></system-out>
  </testcase>
  <testcase name="Automation of Data Structures Introduction" classname="Data structure" time="1.428">
    <system-out><![CDATA[
@e @dsintroduction
Scenario: Automation of Data Structures Introduction              # src/test/resources/features/dsintro.feature:4
******Am in HOME page******
*****************
Given Username is::::::phoenixteam
Given Password is::::::phoenix123/
  Given User in Home page with logged username                    # stepdefinitions.DsIntro.user_in_home_page_with_logged_username()
  When Clicks Get Started to read about DS Introduction           # stepdefinitions.DsIntro.clicks_get_started_to_read_about_ds_introduction()
  Then Goes to DS Introduction page                               # stepdefinitions.DsIntro.goes_to_ds_introduction_page()
  When Clicks Time complexity to explore                          # stepdefinitions.DsIntro.clicks_time_complexity_to_explore()
  Then Navigates to Time complexity page                          # stepdefinitions.DsIntro.navigates_to_time_complexity_page()
  When clicks Try here And Enters  phython program And clicks Run # stepdefinitions.DsIntro.clicks_try_here_and_enters_phython_program_and_clicks_run()
Output:::('Sum of', 1500, 'and', 1200, 'is', 2700)
  Then It runs progam And shows Output                            # stepdefinitions.DsIntro.it_runs_progam_and_shows_output()
  When Clicks signout from site                                   # stepdefinitions.DsIntro.clicks_signout_from_site()
  Then logged out from Data structure page                        # stepdefinitions.DsIntro.logged_out_from_data_structure_page()
]]></system-out>
  </testcase>
  <testcase name="Graph" classname="Autamates graph" time="2.62">
    <system-out><![CDATA[
@graph
Scenario: Graph                                                                                   # src/test/resources/features/graph.feature:4
******Am in HOME page******
*****************
Given Username is::::::phoenixteam
Given Password is::::::phoenix123/
  Given user is in Homepage after logged in                                                       # stepdefinitions.Graph.user_is_in_homepage_after_logged_in()
  When The user selects Graph item from the drop down menu and should be directed to "Graph" Page # stepdefinitions.Graph.the_user_selects_graph_item_from_the_drop_down_menu_and_should_be_directed_to_page(java.lang.String)
*****Output:: ('Sum of', 1500, 'and', 1200, 'is', 2700)
  Then The user clicks "Try Here" button                                                          # stepdefinitions.Graph.the_user_clicks_button(java.lang.String)
  Then The user should be redirected to a page having an tryEditor with a Run button to test      # stepdefinitions.Graph.the_user_should_be_redirected_to_a_page_having_an_try_editor_with_a_run_button_to_test()
  When The user navigates back and clicks "Graph Representations" button on the GR page           # stepdefinitions.Graph.the_user_navigates_back_and_clicks_button_on_the_gr_page(java.lang.String)
  Then The user clicks "Try Here" button on GraphRepresentations page                             # stepdefinitions.Graph.the_user_clicks_button_on_graph_representations_page(java.lang.String)
*****Output:: ('Sum of', 1500, 'and', 1200, 'is', 2700)
  Then The user should be redirected to tryEditor with a Run button to test                       # stepdefinitions.Graph.the_user_should_be_redirected_to_try_editor_with_a_run_button_to_test()
  When Clicks signout from graph home page                                                        # stepdefinitions.Graph.clicks_signout_from_graph_home_page()
  Then logged out from graph data structure                                                       # stepdefinitions.Graph.logged_out_from_graph_data_structure()
]]></system-out>
  </testcase>
  <testcase name="Home" classname="Autamates the Linked List" time="0.85">
    <system-out><![CDATA[
@g @linkedlist1
Scenario: Home                                      # src/test/resources/features/linkedlist.feature:4
******Am in HOME page******
*****************
Given Username is::::::phoenixteam
Given Password is::::::phoenix123/
  Given logged in Ds homescreen                     # stepdefinitions.Linkedlist.logged_in_ds_homescreen()
  When Clicks to Linked List Get started to explore # stepdefinitions.Linkedlist.clicks_to_linked_list_get_started_to_explore()
  Then Shows Linked List explanation                # stepdefinitions.Linkedlist.shows_linked_list_explanation()
]]></system-out>
  </testcase>
  <testcase name="Linked List subtopics #1" classname="Autamates the Linked List" time="0.65">
    <system-out><![CDATA[
@g @linkedlist2
Scenario Outline: Linked List subtopics                # src/test/resources/features/linkedlist.feature:19
  Given Shows option to explore more about Linked list # stepdefinitions.Linkedlist.shows_option_to_explore_more_about_linked_list()
  When Clicks Linked list "Introduction"               # stepdefinitions.Linkedlist.clicks_linked_list(java.lang.String)
  Then Navigates to Linked list sub topics page        # stepdefinitions.Linkedlist.navigates_to_linked_list_sub_topics_page()
  When Clicks Linked list Try here in bottom of page   # stepdefinitions.Linkedlist.clicks_linked_list_try_here_in_bottom_of_page()
  Then Shows  Linked list  Textarea to run Python code # stepdefinitions.Linkedlist.shows_linked_list_textarea_to_run_python_code()
 Values are  Values are  Values are   When Clicks Linked list  run to execute the program  # stepdefinitions.Linkedlist.clicks_linked_list_run_to_execute_the_program()
***** The square root of 8.000 is 2.828
  Then Shows Linked list output of program             # stepdefinitions.Linkedlist.shows_linked_list_output_of_program()
]]></system-out>
  </testcase>
  <testcase name="Linked List subtopics #2" classname="Autamates the Linked List" time="0.528">
    <system-out><![CDATA[
@g @linkedlist2
Scenario Outline: Linked List subtopics                # src/test/resources/features/linkedlist.feature:20
  Given Shows option to explore more about Linked list # stepdefinitions.Linkedlist.shows_option_to_explore_more_about_linked_list()
  When Clicks Linked list "Creating Linked LIst"       # stepdefinitions.Linkedlist.clicks_linked_list(java.lang.String)
  Then Navigates to Linked list sub topics page        # stepdefinitions.Linkedlist.navigates_to_linked_list_sub_topics_page()
  When Clicks Linked list Try here in bottom of page   # stepdefinitions.Linkedlist.clicks_linked_list_try_here_in_bottom_of_page()
  Then Shows  Linked list  Textarea to run Python code # stepdefinitions.Linkedlist.shows_linked_list_textarea_to_run_python_code()
 Values are  Values are  Values are   When Clicks Linked list  run to execute the program  # stepdefinitions.Linkedlist.clicks_linked_list_run_to_execute_the_program()
***** The square root of 8.000 is 2.828
  Then Shows Linked list output of program             # stepdefinitions.Linkedlist.shows_linked_list_output_of_program()
]]></system-out>
  </testcase>
  <testcase name="Linked List subtopics #3" classname="Autamates the Linked List" time="0.617">
    <system-out><![CDATA[
@g @linkedlist2
Scenario Outline: Linked List subtopics                # src/test/resources/features/linkedlist.feature:21
  Given Shows option to explore more about Linked list # stepdefinitions.Linkedlist.shows_option_to_explore_more_about_linked_list()
  When Clicks Linked list "Types of Linked List"       # stepdefinitions.Linkedlist.clicks_linked_list(java.lang.String)
  Then Navigates to Linked list sub topics page        # stepdefinitions.Linkedlist.navigates_to_linked_list_sub_topics_page()
  When Clicks Linked list Try here in bottom of page   # stepdefinitions.Linkedlist.clicks_linked_list_try_here_in_bottom_of_page()
  Then Shows  Linked list  Textarea to run Python code # stepdefinitions.Linkedlist.shows_linked_list_textarea_to_run_python_code()
 Values are  Values are  Values are   When Clicks Linked list  run to execute the program  # stepdefinitions.Linkedlist.clicks_linked_list_run_to_execute_the_program()
***** The square root of 8.000 is 2.828
  Then Shows Linked list output of program             # stepdefinitions.Linkedlist.shows_linked_list_output_of_program()
]]></system-out>
  </testcase>
  <testcase name="Linked List subtopics #4" classname="Autamates the Linked List" time="0.564">
    <system-out><![CDATA[
@g @linkedlist2
Scenario Outline: Linked List subtopics                     # src/test/resources/features/linkedlist.feature:22
  Given Shows option to explore more about Linked list      # stepdefinitions.Linkedlist.shows_option_to_explore_more_about_linked_list()
  When Clicks Linked list "Implement Linked List in Python" # stepdefinitions.Linkedlist.clicks_linked_list(java.lang.String)
  Then Navigates to Linked list sub topics page             # stepdefinitions.Linkedlist.navigates_to_linked_list_sub_topics_page()
  When Clicks Linked list Try here in bottom of page        # stepdefinitions.Linkedlist.clicks_linked_list_try_here_in_bottom_of_page()
  Then Shows  Linked list  Textarea to run Python code      # stepdefinitions.Linkedlist.shows_linked_list_textarea_to_run_python_code()
 Values are  Values are  Values are   When Clicks Linked list  run to execute the program       # stepdefinitions.Linkedlist.clicks_linked_list_run_to_execute_the_program()
***** The square root of 8.000 is 2.828
  Then Shows Linked list output of program                  # stepdefinitions.Linkedlist.shows_linked_list_output_of_program()
]]></system-out>
  </testcase>
  <testcase name="Linked List subtopics #5" classname="Autamates the Linked List" time="0.582">
    <system-out><![CDATA[
@g @linkedlist2
Scenario Outline: Linked List subtopics                # src/test/resources/features/linkedlist.feature:23
  Given Shows option to explore more about Linked list # stepdefinitions.Linkedlist.shows_option_to_explore_more_about_linked_list()
  When Clicks Linked list "Traversal"                  # stepdefinitions.Linkedlist.clicks_linked_list(java.lang.String)
  Then Navigates to Linked list sub topics page        # stepdefinitions.Linkedlist.navigates_to_linked_list_sub_topics_page()
  When Clicks Linked list Try here in bottom of page   # stepdefinitions.Linkedlist.clicks_linked_list_try_here_in_bottom_of_page()
  Then Shows  Linked list  Textarea to run Python code # stepdefinitions.Linkedlist.shows_linked_list_textarea_to_run_python_code()
 Values are  Values are  Values are   When Clicks Linked list  run to execute the program  # stepdefinitions.Linkedlist.clicks_linked_list_run_to_execute_the_program()
***** The square root of 8.000 is 2.828
  Then Shows Linked list output of program             # stepdefinitions.Linkedlist.shows_linked_list_output_of_program()
]]></system-out>
  </testcase>
  <testcase name="Linked List subtopics #6" classname="Autamates the Linked List" time="0.515">
    <system-out><![CDATA[
@g @linkedlist2
Scenario Outline: Linked List subtopics                # src/test/resources/features/linkedlist.feature:24
  Given Shows option to explore more about Linked list # stepdefinitions.Linkedlist.shows_option_to_explore_more_about_linked_list()
  When Clicks Linked list "Insertion"                  # stepdefinitions.Linkedlist.clicks_linked_list(java.lang.String)
  Then Navigates to Linked list sub topics page        # stepdefinitions.Linkedlist.navigates_to_linked_list_sub_topics_page()
  When Clicks Linked list Try here in bottom of page   # stepdefinitions.Linkedlist.clicks_linked_list_try_here_in_bottom_of_page()
  Then Shows  Linked list  Textarea to run Python code # stepdefinitions.Linkedlist.shows_linked_list_textarea_to_run_python_code()
 Values are  Values are  Values are   When Clicks Linked list  run to execute the program  # stepdefinitions.Linkedlist.clicks_linked_list_run_to_execute_the_program()
***** The square root of 8.000 is 2.828
  Then Shows Linked list output of program             # stepdefinitions.Linkedlist.shows_linked_list_output_of_program()
]]></system-out>
  </testcase>
  <testcase name="Linked List subtopics #7" classname="Autamates the Linked List" time="0.551">
    <system-out><![CDATA[
@g @linkedlist2
Scenario Outline: Linked List subtopics                # src/test/resources/features/linkedlist.feature:25
  Given Shows option to explore more about Linked list # stepdefinitions.Linkedlist.shows_option_to_explore_more_about_linked_list()
  When Clicks Linked list "Deletion"                   # stepdefinitions.Linkedlist.clicks_linked_list(java.lang.String)
  Then Navigates to Linked list sub topics page        # stepdefinitions.Linkedlist.navigates_to_linked_list_sub_topics_page()
  When Clicks Linked list Try here in bottom of page   # stepdefinitions.Linkedlist.clicks_linked_list_try_here_in_bottom_of_page()
  Then Shows  Linked list  Textarea to run Python code # stepdefinitions.Linkedlist.shows_linked_list_textarea_to_run_python_code()
 Values are  Values are  Values are   When Clicks Linked list  run to execute the program  # stepdefinitions.Linkedlist.clicks_linked_list_run_to_execute_the_program()
***** The square root of 8.000 is 2.828
  Then Shows Linked list output of program             # stepdefinitions.Linkedlist.shows_linked_list_output_of_program()
]]></system-out>
  </testcase>
  <testcase name="signout" classname="Autamates the Linked List" time="0.141">
    <system-out><![CDATA[
@g @linkedlistsignout
Scenario: signout                                 # src/test/resources/features/linkedlist.feature:28
  When Clicks signout from Linked list  page      # stepdefinitions.Linkedlist.clicks_signout_from_linked_list_page()
  Then logged out from Linked list Data Structure # stepdefinitions.Linkedlist.logged_out_from_linked_list_data_structure()
]]></system-out>
  </testcase>
  <testcase name="Signing in" classname="Automation of login  site" time="1.575">
    <system-out><![CDATA[
@d @login
Scenario Outline: Signing in                                                                          # src/test/resources/features/login.feature:10
******Am in HOME page******
  Given User registered already clicks Login                                                          # stepdefinitions.Login.user_registered_already_clicks_login()
*****************
Given Username is::::::  NULL
*****Please fill out this field.*** is the message screen shows in Empty field
Given Password is::::::  NULL
*****Please fill out this field.*** is the message screen shows in Empty field
Warning Message is::::::Please fill out this field
*****************
Given Username is::::::Monday 
Given Password is::::::  NULL
******** is the message screen shows in Empty field
Warning Message is::::::Please fill out this field
*****************
Given Username is::::::  NULL
*****Please fill out this field.*** is the message screen shows in Empty field
Given Password is::::::2222222@sd
Warning Message is::::::Please fill out this field
*****************
Given Username is::::::Monday
Given Password is::::::2222222@sd
Warning Message is::::::Valid username and invalid password
*****************
Given Username is::::::Tuesday
Given Password is::::::3333355@sd
Warning Message is::::::Invalid username and valid password
*****************
Given Username is::::::Wednesday
Given Password is::::::123456@dd
Warning Message is::::::Invalid username and password
*****************
Given Username is::::::phoenixteam
Given Password is::::::phoenix123/
  When Enters Different combination of username and password from Excel "login" file                  # stepdefinitions.Login.enters_different_combination_of_username_and_password_from_excel_file(java.lang.String)
*******Logged in Successfully*******
  Then Shows respective messages And Navigates to home page when enters correct username and password # stepdefinitions.Login.shows_respective_messages_and_navigates_to_home_page_when_enters_correct_username_and_password()
]]></system-out>
  </testcase>
  <testcase name="logout" classname="Automation of login  site" time="0.148">
    <system-out><![CDATA[
@d @logout
Scenario: logout                     # src/test/resources/features/login.feature:13
  When Clicks logout after logged in # stepdefinitions.Login.clicks_logout_after_logged_in()
*******Logged out Successfully*******
  Then logged out from the page      # stepdefinitions.Login.logged_out_from_the_page()
]]></system-out>
  </testcase>
  <testcase name="Home" classname="Autamates the Queue" time="0.737">
    <system-out><![CDATA[
@i @queue1
Scenario: Home                                # src/test/resources/features/queue.feature:4
******Am in HOME page******
*****************
Given Username is::::::phoenixteam
Given Password is::::::phoenix123/
  Given logged in Ds home screen              # stepdefinitions.Queue.logged_in_ds_home_screen()
  When Clicks to Queue Get started to explore # stepdefinitions.Queue.clicks_to_queue_get_started_to_explore()
  Then Shows Queue explanation                # stepdefinitions.Queue.shows_queue_explanation()
]]></system-out>
  </testcase>
  <testcase name="Queue subtopics #1" classname="Autamates the Queue" time="0.726">
    <system-out><![CDATA[
@i @queue2
Scenario Outline: Queue subtopics                       # src/test/resources/features/queue.feature:19
  Given Shows option to explore more about Queue        # stepdefinitions.Queue.shows_option_to_explore_more_about_queue()
  When Clicks Queue "Implementation of Queue in Python" # stepdefinitions.Queue.clicks_queue(java.lang.String)
  Then Navigates to queue sub topics page               # stepdefinitions.Queue.navigates_to_queue_sub_topics_page()
  When Clicks Queue Try here in bottom of page          # stepdefinitions.Queue.clicks_queue_try_here_in_bottom_of_page()
  Then Shows  Queue Textarea to run Python code         # stepdefinitions.Queue.shows_queue_textarea_to_run_python_code()
  When Clicks Queue run to execute the program          # stepdefinitions.Queue.clicks_queue_run_to_execute_the_program()
***** ('Sum of', 1500, 'and', 1200, 'is', 2700)
  Then Shows Queue output of program                    # stepdefinitions.Queue.shows_queue_output_of_program()
]]></system-out>
  </testcase>
  <testcase name="Queue subtopics #2" classname="Autamates the Queue" time="0.714">
    <system-out><![CDATA[
@i @queue2
Scenario Outline: Queue subtopics                            # src/test/resources/features/queue.feature:20
  Given Shows option to explore more about Queue             # stepdefinitions.Queue.shows_option_to_explore_more_about_queue()
  When Clicks Queue "Implementation using collections.deque" # stepdefinitions.Queue.clicks_queue(java.lang.String)
  Then Navigates to queue sub topics page                    # stepdefinitions.Queue.navigates_to_queue_sub_topics_page()
  When Clicks Queue Try here in bottom of page               # stepdefinitions.Queue.clicks_queue_try_here_in_bottom_of_page()
  Then Shows  Queue Textarea to run Python code              # stepdefinitions.Queue.shows_queue_textarea_to_run_python_code()
  When Clicks Queue run to execute the program               # stepdefinitions.Queue.clicks_queue_run_to_execute_the_program()
***** ('Sum of', 1500, 'and', 1200, 'is', 2700)
  Then Shows Queue output of program                         # stepdefinitions.Queue.shows_queue_output_of_program()
]]></system-out>
  </testcase>
  <testcase name="Queue subtopics #3" classname="Autamates the Queue" time="0.721">
    <system-out><![CDATA[
@i @queue2
Scenario Outline: Queue subtopics                # src/test/resources/features/queue.feature:21
  Given Shows option to explore more about Queue # stepdefinitions.Queue.shows_option_to_explore_more_about_queue()
  When Clicks Queue "Implementation using array" # stepdefinitions.Queue.clicks_queue(java.lang.String)
  Then Navigates to queue sub topics page        # stepdefinitions.Queue.navigates_to_queue_sub_topics_page()
  When Clicks Queue Try here in bottom of page   # stepdefinitions.Queue.clicks_queue_try_here_in_bottom_of_page()
  Then Shows  Queue Textarea to run Python code  # stepdefinitions.Queue.shows_queue_textarea_to_run_python_code()
  When Clicks Queue run to execute the program   # stepdefinitions.Queue.clicks_queue_run_to_execute_the_program()
***** ('Sum of', 1500, 'and', 1200, 'is', 2700)
  Then Shows Queue output of program             # stepdefinitions.Queue.shows_queue_output_of_program()
]]></system-out>
  </testcase>
  <testcase name="Queue subtopics #4" classname="Autamates the Queue" time="0.732">
    <system-out><![CDATA[
@i @queue2
Scenario Outline: Queue subtopics                # src/test/resources/features/queue.feature:22
  Given Shows option to explore more about Queue # stepdefinitions.Queue.shows_option_to_explore_more_about_queue()
  When Clicks Queue "Queue Operations"           # stepdefinitions.Queue.clicks_queue(java.lang.String)
  Then Navigates to queue sub topics page        # stepdefinitions.Queue.navigates_to_queue_sub_topics_page()
  When Clicks Queue Try here in bottom of page   # stepdefinitions.Queue.clicks_queue_try_here_in_bottom_of_page()
  Then Shows  Queue Textarea to run Python code  # stepdefinitions.Queue.shows_queue_textarea_to_run_python_code()
  When Clicks Queue run to execute the program   # stepdefinitions.Queue.clicks_queue_run_to_execute_the_program()
***** ('Sum of', 1500, 'and', 1200, 'is', 2700)
  Then Shows Queue output of program             # stepdefinitions.Queue.shows_queue_output_of_program()
]]></system-out>
  </testcase>
  <testcase name="signout" classname="Autamates the Queue" time="0.151">
    <system-out><![CDATA[
@i @stacksignout
Scenario: signout                           # src/test/resources/features/queue.feature:25
  When Clicks signout from Queue page       # stepdefinitions.Queue.clicks_signout_from_queue_page()
  Then logged out from Queue Data Structure # stepdefinitions.Queue.logged_out_from_queue_data_structure()
]]></system-out>
  </testcase>
  <testcase name="home" classname="Automation of register page" time="0.317">
    <system-out><![CDATA[
@c @home
Scenario: home                                          # src/test/resources/features/register.feature:4
******Am in HOME page******
  Given Clicks register to create username and password # stepdefinitions.Register.clicks_register_to_create_username_and_password()
]]></system-out>
  </testcase>
  <testcase name="register #1" classname="Automation of register page" time="3.156">
    <system-out><![CDATA[
@c @register
Scenario Outline: register                             # src/test/resources/features/register.feature:13
  Given clicks Register button                         # stepdefinitions.Register.clicks_register_button()
*****Please fill out this field.*** Shows in Empty Textbox
  When Enters "" "" and "" of below values             # stepdefinitions.Register.enters_and_of_below_values(java.lang.String,java.lang.String,java.lang.String)
  Then Shows Message of creating based on given values # stepdefinitions.Register.shows_message_of_creating_based_on_given_values()
]]></system-out>
  </testcase>
  <testcase name="register #2" classname="Automation of register page" time="3.146">
    <system-out><![CDATA[
@c @register
Scenario Outline: register                             # src/test/resources/features/register.feature:14
  Given clicks Register button                         # stepdefinitions.Register.clicks_register_button()
*****Please fill out this field.*** Shows in Empty Textbox
  When Enters "phoenixteam" "" and "" of below values  # stepdefinitions.Register.enters_and_of_below_values(java.lang.String,java.lang.String,java.lang.String)
  Then Shows Message of creating based on given values # stepdefinitions.Register.shows_message_of_creating_based_on_given_values()
]]></system-out>
  </testcase>
  <testcase name="register #3" classname="Automation of register page" time="3.178">
    <system-out><![CDATA[
@c @register
Scenario Outline: register                                     # src/test/resources/features/register.feature:15
  Given clicks Register button                                 # stepdefinitions.Register.clicks_register_button()
*****Please fill out this field.*** Shows in Empty Textbox
  When Enters "phoenixteam" "phonex123" and "" of below values # stepdefinitions.Register.enters_and_of_below_values(java.lang.String,java.lang.String,java.lang.String)
  Then Shows Message of creating based on given values         # stepdefinitions.Register.shows_message_of_creating_based_on_given_values()
]]></system-out>
  </testcase>
  <testcase name="register #4" classname="Automation of register page" time="0.21">
    <system-out><![CDATA[
@c @register
Scenario Outline: register                                               # src/test/resources/features/register.feature:16
  Given clicks Register button                                           # stepdefinitions.Register.clicks_register_button()
*****password_mismatch:The two password fields didnt match.
  When Enters "phoenixteam" "123344454" and "1123234235" of below values # stepdefinitions.Register.enters_and_of_below_values(java.lang.String,java.lang.String,java.lang.String)
  Then Shows Message of creating based on given values                   # stepdefinitions.Register.shows_message_of_creating_based_on_given_values()
]]></system-out>
  </testcase>
  <testcase name="register #5" classname="Automation of register page" time="0.198">
    <system-out><![CDATA[
@c @register
Scenario Outline: register                                            # src/test/resources/features/register.feature:17
  Given clicks Register button                                        # stepdefinitions.Register.clicks_register_button()
*****password_mismatch:The two password fields didnt match.
  When Enters "phoenixteam" "phoneni" and "679787690" of below values # stepdefinitions.Register.enters_and_of_below_values(java.lang.String,java.lang.String,java.lang.String)
  Then Shows Message of creating based on given values                # stepdefinitions.Register.shows_message_of_creating_based_on_given_values()
]]></system-out>
  </testcase>
  <testcase name="valid register" classname="Automation of register page" time="3.438">
    <error message="no such element: Unable to locate element: {&quot;method&quot;:&quot;xpath&quot;,&quot;selector&quot;:&quot;//*[text()=&apos;Sign out&apos;]&quot;}&#10;  (Session info: chrome=120.0.6099.234)&#10;For documentation on this error, please visit: https://www.selenium.dev/documentation/webdriver/troubleshooting/errors#no-such-element-exception&#10;Build info: version: &apos;4.16.0&apos;, revision: &apos;15400459dd*&apos;&#10;System info: os.name: &apos;Mac OS X&apos;, os.arch: &apos;aarch64&apos;, os.version: &apos;14.2.1&apos;, java.version: &apos;21.0.1&apos;&#10;Driver info: org.openqa.selenium.chrome.ChromeDriver&#10;Command: [fbd86672d74fc5ea1db3eb741612cb8a, findElement {using=xpath, value=//*[text()=&apos;Sign out&apos;]}]&#10;Capabilities {acceptInsecureCerts: false, browserName: chrome, browserVersion: 120.0.6099.234, chrome: {chromedriverVersion: 120.0.6099.109 (3419140ab66..., userDataDir: /var/folders/gb/z_br60gn0h5...}, fedcm:accounts: true, goog:chromeOptions: {debuggerAddress: localhost:50547}, networkConnectionEnabled: false, pageLoadStrategy: normal, platformName: mac, proxy: Proxy(), se:cdp: ws://localhost:50547/devtoo..., se:cdpVersion: 120.0.6099.234, setWindowRect: true, strictFileInteractability: false, timeouts: {implicit: 0, pageLoad: 300000, script: 30000}, unhandledPromptBehavior: dismiss and notify, webauthn:extension:credBlob: true, webauthn:extension:largeBlob: true, webauthn:extension:minPinLength: true, webauthn:extension:prf: true, webauthn:virtualAuthenticators: true}&#10;Session ID: fbd86672d74fc5ea1db3eb741612cb8a" type="org.openqa.selenium.NoSuchElementException"><![CDATA[org.openqa.selenium.NoSuchElementException: 
no such element: Unable to locate element: {"method":"xpath","selector":"//*[text()='Sign out']"}
  (Session info: chrome=120.0.6099.234)
For documentation on this error, please visit: https://www.selenium.dev/documentation/webdriver/troubleshooting/errors#no-such-element-exception
Build info: version: '4.16.0', revision: '15400459dd*'
System info: os.name: 'Mac OS X', os.arch: 'aarch64', os.version: '14.2.1', java.version: '21.0.1'
Driver info: org.openqa.selenium.chrome.ChromeDriver
Command: [fbd86672d74fc5ea1db3eb741612cb8a, findElement {using=xpath, value=//*[text()='Sign out']}]
Capabilities {acceptInsecureCerts: false, browserName: chrome, browserVersion: 120.0.6099.234, chrome: {chromedriverVersion: 120.0.6099.109 (3419140ab66..., userDataDir: /var/folders/gb/z_br60gn0h5...}, fedcm:accounts: true, goog:chromeOptions: {debuggerAddress: localhost:50547}, networkConnectionEnabled: false, pageLoadStrategy: normal, platformName: mac, proxy: Proxy(), se:cdp: ws://localhost:50547/devtoo..., se:cdpVersion: 120.0.6099.234, setWindowRect: true, strictFileInteractability: false, timeouts: {implicit: 0, pageLoad: 300000, script: 30000}, unhandledPromptBehavior: dismiss and notify, webauthn:extension:credBlob: true, webauthn:extension:largeBlob: true, webauthn:extension:minPinLength: true, webauthn:extension:prf: true, webauthn:virtualAuthenticators: true}
Session ID: fbd86672d74fc5ea1db3eb741612cb8a
	at java.base/jdk.internal.reflect.DirectConstructorHandleAccessor.newInstance(DirectConstructorHandleAccessor.java:62)
	at java.base/java.lang.reflect.Constructor.newInstanceWithCaller(Constructor.java:502)
	at java.base/java.lang.reflect.Constructor.newInstance(Constructor.java:486)
	at org.openqa.selenium.remote.codec.w3c.W3CHttpResponseCodec.createException(W3CHttpResponseCodec.java:200)
	at org.openqa.selenium.remote.codec.w3c.W3CHttpResponseCodec.decode(W3CHttpResponseCodec.java:133)
	at org.openqa.selenium.remote.codec.w3c.W3CHttpResponseCodec.decode(W3CHttpResponseCodec.java:52)
	at org.openqa.selenium.remote.HttpCommandExecutor.execute(HttpCommandExecutor.java:191)
	at org.openqa.selenium.remote.service.DriverCommandExecutor.invokeExecute(DriverCommandExecutor.java:200)
	at org.openqa.selenium.remote.service.DriverCommandExecutor.execute(DriverCommandExecutor.java:175)
	at org.openqa.selenium.remote.RemoteWebDriver.execute(RemoteWebDriver.java:523)
	at org.openqa.selenium.remote.ElementLocation$ElementFinder$2.findElement(ElementLocation.java:165)
	at org.openqa.selenium.remote.ElementLocation.findElement(ElementLocation.java:59)
	at org.openqa.selenium.remote.RemoteWebDriver.findElement(RemoteWebDriver.java:360)
	at org.openqa.selenium.remote.RemoteWebDriver.findElement(RemoteWebDriver.java:354)
	at pom.Registerpom.lsignout(Registerpom.java:78)
	at stepdefinitions.Register.clicks_sign_out(Register.java:72)
	at .clicks Sign out(file:///Users/sathishkumar/eclipse-workspace/projectcucumber/./src/test/resources/features/register.feature:24)
]]></error>
    <system-out><![CDATA[
@c @register2
Scenario Outline: valid register                                                                                           # src/test/resources/features/register.feature:29
******[[ChromeDriver: chrome on mac (fbd86672d74fc5ea1db3eb741612cb8a)] -> class name: alert-primary]
  When Enters possible "<username>" "phoenix123/" and "phoenix123/" to create account                                      # stepdefinitions.Register.enters_possible_and_to_create_account(java.lang.String,java.lang.String,java.lang.String)
  Then Accepts user name and password and navigate to home page with username And Shows New Account credited with username # stepdefinitions.Register.accepts_user_name_and_password_and_navigate_to_home_page_with_username_and_shows_new_account_credited_with_username()
  When clicks Sign out                                                                                                     # stepdefinitions.Register.clicks_sign_out()
      org.openqa.selenium.NoSuchElementException: no such element: Unable to locate element: {"method":"xpath","selector":"//*[text()='Sign out']"}
  (Session info: chrome=120.0.6099.234)
For documentation on this error, please visit: https://www.selenium.dev/documentation/webdriver/troubleshooting/errors#no-such-element-exception
Build info: version: '4.16.0', revision: '15400459dd*'
System info: os.name: 'Mac OS X', os.arch: 'aarch64', os.version: '14.2.1', java.version: '21.0.1'
Driver info: org.openqa.selenium.chrome.ChromeDriver
Command: [fbd86672d74fc5ea1db3eb741612cb8a, findElement {using=xpath, value=//*[text()='Sign out']}]
Capabilities {acceptInsecureCerts: false, browserName: chrome, browserVersion: 120.0.6099.234, chrome: {chromedriverVersion: 120.0.6099.109 (3419140ab66..., userDataDir: /var/folders/gb/z_br60gn0h5...}, fedcm:accounts: true, goog:chromeOptions: {debuggerAddress: localhost:50547}, networkConnectionEnabled: false, pageLoadStrategy: normal, platformName: mac, proxy: Proxy(), se:cdp: ws://localhost:50547/devtoo..., se:cdpVersion: 120.0.6099.234, setWindowRect: true, strictFileInteractability: false, timeouts: {implicit: 0, pageLoad: 300000, script: 30000}, unhandledPromptBehavior: dismiss and notify, webauthn:extension:credBlob: true, webauthn:extension:largeBlob: true, webauthn:extension:minPinLength: true, webauthn:extension:prf: true, webauthn:virtualAuthenticators: true}
Session ID: fbd86672d74fc5ea1db3eb741612cb8a
	at java.base/jdk.internal.reflect.DirectConstructorHandleAccessor.newInstance(DirectConstructorHandleAccessor.java:62)
	at java.base/java.lang.reflect.Constructor.newInstanceWithCaller(Constructor.java:502)
	at java.base/java.lang.reflect.Constructor.newInstance(Constructor.java:486)
	at org.openqa.selenium.remote.codec.w3c.W3CHttpResponseCodec.createException(W3CHttpResponseCodec.java:200)
	at org.openqa.selenium.remote.codec.w3c.W3CHttpResponseCodec.decode(W3CHttpResponseCodec.java:133)
	at org.openqa.selenium.remote.codec.w3c.W3CHttpResponseCodec.decode(W3CHttpResponseCodec.java:52)
	at org.openqa.selenium.remote.HttpCommandExecutor.execute(HttpCommandExecutor.java:191)
	at org.openqa.selenium.remote.service.DriverCommandExecutor.invokeExecute(DriverCommandExecutor.java:200)
	at org.openqa.selenium.remote.service.DriverCommandExecutor.execute(DriverCommandExecutor.java:175)
	at org.openqa.selenium.remote.RemoteWebDriver.execute(RemoteWebDriver.java:523)
	at org.openqa.selenium.remote.ElementLocation$ElementFinder$2.findElement(ElementLocation.java:165)
	at org.openqa.selenium.remote.ElementLocation.findElement(ElementLocation.java:59)
	at org.openqa.selenium.remote.RemoteWebDriver.findElement(RemoteWebDriver.java:360)
	at org.openqa.selenium.remote.RemoteWebDriver.findElement(RemoteWebDriver.java:354)
	at pom.Registerpom.lsignout(Registerpom.java:78)
	at stepdefinitions.Register.clicks_sign_out(Register.java:72)
	at .clicks Sign out(file:///Users/sathishkumar/eclipse-workspace/projectcucumber/./src/test/resources/features/register.feature:24)

  Then Displays Logged out successfully                                                                                    # stepdefinitions.Register.displays_logged_out_successfully()

    Embedding valid register [image/png 168095 bytes]

]]></system-out>
  </testcase>
  <testcase name="home" classname="Autamates the stack" time="0.867">
    <system-out><![CDATA[
@h @stack1
Scenario: home                                # src/test/resources/features/stack.feature:4
******Am in HOME page******
*****************
Given Username is::::::phoenixteam
Given Password is::::::phoenix123/
  Given logged in home screen                 # stepdefinitions.Stack.logged_in_home_screen()
  When Clicks to Stack Get started to explore # stepdefinitions.Stack.clicks_to_stack_get_started_to_explore()
  Then Shows explanation                      # stepdefinitions.Stack.shows_explanation()
]]></system-out>
  </testcase>
  <testcase name="Stack subtopics #1" classname="Autamates the stack" time="0.864">
    <system-out><![CDATA[
@h @stack2
Scenario Outline: Stack subtopics                # src/test/resources/features/stack.feature:19
  Given Shows option to explore more about Stack # stepdefinitions.Stack.shows_option_to_explore_more_about_stack()
  When Clicks Stack "Operations in Stack"        # stepdefinitions.Stack.clicks_stack(java.lang.String)
  Then Navigates to topic page                   # stepdefinitions.Stack.navigates_to_topic_page()
  When Clicks Stack Try here in bottom of page   # stepdefinitions.Stack.clicks_stack_try_here_in_bottom_of_page()
  Then Shows  Stack Textarea to run Python code  # stepdefinitions.Stack.shows_stack_textarea_to_run_python_code()
  When Clicks run to execute the program         # stepdefinitions.Stack.clicks_run_to_execute_the_program()
***** ('Sum of', 1500, 'and', 1200, 'is', 2700)
  Then Shows output of program                   # stepdefinitions.Stack.shows_output_of_program()
]]></system-out>
  </testcase>
  <testcase name="Stack subtopics #2" classname="Autamates the stack" time="0.751">
    <system-out><![CDATA[
@h @stack2
Scenario Outline: Stack subtopics                # src/test/resources/features/stack.feature:20
  Given Shows option to explore more about Stack # stepdefinitions.Stack.shows_option_to_explore_more_about_stack()
  When Clicks Stack "Implementation"             # stepdefinitions.Stack.clicks_stack(java.lang.String)
  Then Navigates to topic page                   # stepdefinitions.Stack.navigates_to_topic_page()
  When Clicks Stack Try here in bottom of page   # stepdefinitions.Stack.clicks_stack_try_here_in_bottom_of_page()
  Then Shows  Stack Textarea to run Python code  # stepdefinitions.Stack.shows_stack_textarea_to_run_python_code()
  When Clicks run to execute the program         # stepdefinitions.Stack.clicks_run_to_execute_the_program()
***** ('Sum of', 1500, 'and', 1200, 'is', 2700)
  Then Shows output of program                   # stepdefinitions.Stack.shows_output_of_program()
]]></system-out>
  </testcase>
  <testcase name="Stack subtopics #3" classname="Autamates the stack" time="0.727">
    <system-out><![CDATA[
@h @stack2
Scenario Outline: Stack subtopics                # src/test/resources/features/stack.feature:21
  Given Shows option to explore more about Stack # stepdefinitions.Stack.shows_option_to_explore_more_about_stack()
  When Clicks Stack "Applications"               # stepdefinitions.Stack.clicks_stack(java.lang.String)
  Then Navigates to topic page                   # stepdefinitions.Stack.navigates_to_topic_page()
  When Clicks Stack Try here in bottom of page   # stepdefinitions.Stack.clicks_stack_try_here_in_bottom_of_page()
  Then Shows  Stack Textarea to run Python code  # stepdefinitions.Stack.shows_stack_textarea_to_run_python_code()
  When Clicks run to execute the program         # stepdefinitions.Stack.clicks_run_to_execute_the_program()
***** ('Sum of', 1500, 'and', 1200, 'is', 2700)
  Then Shows output of program                   # stepdefinitions.Stack.shows_output_of_program()
]]></system-out>
  </testcase>
  <testcase name="signout" classname="Autamates the stack" time="0.139">
    <system-out><![CDATA[
@h @stacksignout
Scenario: signout                           # src/test/resources/features/stack.feature:24
  When Clicks signout from Stack page       # stepdefinitions.Stack.clicks_signout_from_stack_page()
  Then logged out from Stack Data Structure # stepdefinitions.Stack.logged_out_from_stack_data_structure()
]]></system-out>
  </testcase>
  <testcase name="home" classname="Automates tree page" time="0.836">
    <system-out><![CDATA[
@j @tree1
Scenario: home                                        # src/test/resources/features/tree.feature:4
******Am in HOME page******
*****************
Given Username is::::::phoenixteam
Given Password is::::::phoenix123/
  Given logged in DS Home page                        # stepdefinitions.Tree.logged_in_ds_home_page()
  When Clicks Get started to enter into the tree page # stepdefinitions.Tree.clicks_get_started_to_enter_into_the_tree_page()
  Then Shows information about tree                   # stepdefinitions.Tree.shows_information_about_tree()
]]></system-out>
  </testcase>
  <testcase name="subtopics #1" classname="Automates tree page" time="0.745">
    <system-out><![CDATA[
@j @tree2
Scenario Outline: subtopics                             # src/test/resources/features/tree.feature:19
  Given Shows options to read more about Tree           # stepdefinitions.Tree.shows_options_to_read_more_about_tree()
  When Clicks tree "Overview of Trees"                  # stepdefinitions.Tree.clicks_tree(java.lang.String)
  Then Shows Explanation of tree                        # stepdefinitions.Tree.shows_explanation_of_tree()
  When Clicks tree Try here to run the program          # stepdefinitions.Tree.clicks_tree_try_here_to_run_the_program()
  Then It shows tree text area to type the phython code # stepdefinitions.Tree.it_shows_tree_text_area_to_type_the_phython_code()
  When clicks tree Run                                  # stepdefinitions.Tree.clicks_tree_run()
*****('Sum of', 1500, 'and', 1200, 'is', 2700)
  Then It runs the progam and Shows output in tree page # stepdefinitions.Tree.it_runs_the_progam_and_shows_output_in_tree_page()
]]></system-out>
  </testcase>
  <testcase name="subtopics #2" classname="Automates tree page" time="0.729">
    <system-out><![CDATA[
@j @tree2
Scenario Outline: subtopics                             # src/test/resources/features/tree.feature:20
  Given Shows options to read more about Tree           # stepdefinitions.Tree.shows_options_to_read_more_about_tree()
  When Clicks tree "Terminologies"                      # stepdefinitions.Tree.clicks_tree(java.lang.String)
  Then Shows Explanation of tree                        # stepdefinitions.Tree.shows_explanation_of_tree()
  When Clicks tree Try here to run the program          # stepdefinitions.Tree.clicks_tree_try_here_to_run_the_program()
  Then It shows tree text area to type the phython code # stepdefinitions.Tree.it_shows_tree_text_area_to_type_the_phython_code()
  When clicks tree Run                                  # stepdefinitions.Tree.clicks_tree_run()
*****('Sum of', 1500, 'and', 1200, 'is', 2700)
  Then It runs the progam and Shows output in tree page # stepdefinitions.Tree.it_runs_the_progam_and_shows_output_in_tree_page()
]]></system-out>
  </testcase>
  <testcase name="subtopics #3" classname="Automates tree page" time="0.725">
    <system-out><![CDATA[
@j @tree2
Scenario Outline: subtopics                             # src/test/resources/features/tree.feature:21
  Given Shows options to read more about Tree           # stepdefinitions.Tree.shows_options_to_read_more_about_tree()
  When Clicks tree "Types of Trees"                     # stepdefinitions.Tree.clicks_tree(java.lang.String)
  Then Shows Explanation of tree                        # stepdefinitions.Tree.shows_explanation_of_tree()
  When Clicks tree Try here to run the program          # stepdefinitions.Tree.clicks_tree_try_here_to_run_the_program()
  Then It shows tree text area to type the phython code # stepdefinitions.Tree.it_shows_tree_text_area_to_type_the_phython_code()
  When clicks tree Run                                  # stepdefinitions.Tree.clicks_tree_run()
*****('Sum of', 1500, 'and', 1200, 'is', 2700)
  Then It runs the progam and Shows output in tree page # stepdefinitions.Tree.it_runs_the_progam_and_shows_output_in_tree_page()
]]></system-out>
  </testcase>
  <testcase name="subtopics #4" classname="Automates tree page" time="0.736">
    <system-out><![CDATA[
@j @tree2
Scenario Outline: subtopics                             # src/test/resources/features/tree.feature:22
  Given Shows options to read more about Tree           # stepdefinitions.Tree.shows_options_to_read_more_about_tree()
  When Clicks tree "Tree Traversals"                    # stepdefinitions.Tree.clicks_tree(java.lang.String)
  Then Shows Explanation of tree                        # stepdefinitions.Tree.shows_explanation_of_tree()
  When Clicks tree Try here to run the program          # stepdefinitions.Tree.clicks_tree_try_here_to_run_the_program()
  Then It shows tree text area to type the phython code # stepdefinitions.Tree.it_shows_tree_text_area_to_type_the_phython_code()
  When clicks tree Run                                  # stepdefinitions.Tree.clicks_tree_run()
*****('Sum of', 1500, 'and', 1200, 'is', 2700)
  Then It runs the progam and Shows output in tree page # stepdefinitions.Tree.it_runs_the_progam_and_shows_output_in_tree_page()
]]></system-out>
  </testcase>
  <testcase name="subtopics #5" classname="Automates tree page" time="0.749">
    <system-out><![CDATA[
@j @tree2
Scenario Outline: subtopics                             # src/test/resources/features/tree.feature:23
  Given Shows options to read more about Tree           # stepdefinitions.Tree.shows_options_to_read_more_about_tree()
  When Clicks tree "Traversals-Illustration"            # stepdefinitions.Tree.clicks_tree(java.lang.String)
  Then Shows Explanation of tree                        # stepdefinitions.Tree.shows_explanation_of_tree()
  When Clicks tree Try here to run the program          # stepdefinitions.Tree.clicks_tree_try_here_to_run_the_program()
  Then It shows tree text area to type the phython code # stepdefinitions.Tree.it_shows_tree_text_area_to_type_the_phython_code()
  When clicks tree Run                                  # stepdefinitions.Tree.clicks_tree_run()
*****('Sum of', 1500, 'and', 1200, 'is', 2700)
  Then It runs the progam and Shows output in tree page # stepdefinitions.Tree.it_runs_the_progam_and_shows_output_in_tree_page()
]]></system-out>
  </testcase>
  <testcase name="subtopics #6" classname="Automates tree page" time="0.829">
    <system-out><![CDATA[
@j @tree2
Scenario Outline: subtopics                             # src/test/resources/features/tree.feature:24
  Given Shows options to read more about Tree           # stepdefinitions.Tree.shows_options_to_read_more_about_tree()
  When Clicks tree "Binary Trees"                       # stepdefinitions.Tree.clicks_tree(java.lang.String)
  Then Shows Explanation of tree                        # stepdefinitions.Tree.shows_explanation_of_tree()
  When Clicks tree Try here to run the program          # stepdefinitions.Tree.clicks_tree_try_here_to_run_the_program()
  Then It shows tree text area to type the phython code # stepdefinitions.Tree.it_shows_tree_text_area_to_type_the_phython_code()
  When clicks tree Run                                  # stepdefinitions.Tree.clicks_tree_run()
*****('Sum of', 1500, 'and', 1200, 'is', 2700)
  Then It runs the progam and Shows output in tree page # stepdefinitions.Tree.it_runs_the_progam_and_shows_output_in_tree_page()
]]></system-out>
  </testcase>
  <testcase name="subtopics #7" classname="Automates tree page" time="1.513">
    <system-out><![CDATA[
@j @tree2
Scenario Outline: subtopics                             # src/test/resources/features/tree.feature:25
  Given Shows options to read more about Tree           # stepdefinitions.Tree.shows_options_to_read_more_about_tree()
  When Clicks tree "Types of Binary Trees"              # stepdefinitions.Tree.clicks_tree(java.lang.String)
  Then Shows Explanation of tree                        # stepdefinitions.Tree.shows_explanation_of_tree()
  When Clicks tree Try here to run the program          # stepdefinitions.Tree.clicks_tree_try_here_to_run_the_program()
  Then It shows tree text area to type the phython code # stepdefinitions.Tree.it_shows_tree_text_area_to_type_the_phython_code()
  When clicks tree Run                                  # stepdefinitions.Tree.clicks_tree_run()
*****('Sum of', 1500, 'and', 1200, 'is', 2700)
  Then It runs the progam and Shows output in tree page # stepdefinitions.Tree.it_runs_the_progam_and_shows_output_in_tree_page()
]]></system-out>
  </testcase>
  <testcase name="subtopics #8" classname="Automates tree page" time="0.786">
    <system-out><![CDATA[
@j @tree2
Scenario Outline: subtopics                             # src/test/resources/features/tree.feature:26
  Given Shows options to read more about Tree           # stepdefinitions.Tree.shows_options_to_read_more_about_tree()
  When Clicks tree "Implementation in Python"           # stepdefinitions.Tree.clicks_tree(java.lang.String)
  Then Shows Explanation of tree                        # stepdefinitions.Tree.shows_explanation_of_tree()
  When Clicks tree Try here to run the program          # stepdefinitions.Tree.clicks_tree_try_here_to_run_the_program()
  Then It shows tree text area to type the phython code # stepdefinitions.Tree.it_shows_tree_text_area_to_type_the_phython_code()
  When clicks tree Run                                  # stepdefinitions.Tree.clicks_tree_run()
*****('Sum of', 1500, 'and', 1200, 'is', 2700)
  Then It runs the progam and Shows output in tree page # stepdefinitions.Tree.it_runs_the_progam_and_shows_output_in_tree_page()
]]></system-out>
  </testcase>
  <testcase name="subtopics #9" classname="Automates tree page" time="0.746">
    <system-out><![CDATA[
@j @tree2
Scenario Outline: subtopics                             # src/test/resources/features/tree.feature:27
  Given Shows options to read more about Tree           # stepdefinitions.Tree.shows_options_to_read_more_about_tree()
  When Clicks tree "Binary Tree Traversals"             # stepdefinitions.Tree.clicks_tree(java.lang.String)
  Then Shows Explanation of tree                        # stepdefinitions.Tree.shows_explanation_of_tree()
  When Clicks tree Try here to run the program          # stepdefinitions.Tree.clicks_tree_try_here_to_run_the_program()
  Then It shows tree text area to type the phython code # stepdefinitions.Tree.it_shows_tree_text_area_to_type_the_phython_code()
  When clicks tree Run                                  # stepdefinitions.Tree.clicks_tree_run()
*****('Sum of', 1500, 'and', 1200, 'is', 2700)
  Then It runs the progam and Shows output in tree page # stepdefinitions.Tree.it_runs_the_progam_and_shows_output_in_tree_page()
]]></system-out>
  </testcase>
  <testcase name="subtopics #10" classname="Automates tree page" time="0.746">
    <system-out><![CDATA[
@j @tree2
Scenario Outline: subtopics                             # src/test/resources/features/tree.feature:28
  Given Shows options to read more about Tree           # stepdefinitions.Tree.shows_options_to_read_more_about_tree()
  When Clicks tree "Implementation of Binary Trees"     # stepdefinitions.Tree.clicks_tree(java.lang.String)
  Then Shows Explanation of tree                        # stepdefinitions.Tree.shows_explanation_of_tree()
  When Clicks tree Try here to run the program          # stepdefinitions.Tree.clicks_tree_try_here_to_run_the_program()
  Then It shows tree text area to type the phython code # stepdefinitions.Tree.it_shows_tree_text_area_to_type_the_phython_code()
  When clicks tree Run                                  # stepdefinitions.Tree.clicks_tree_run()
*****('Sum of', 1500, 'and', 1200, 'is', 2700)
  Then It runs the progam and Shows output in tree page # stepdefinitions.Tree.it_runs_the_progam_and_shows_output_in_tree_page()
]]></system-out>
  </testcase>
  <testcase name="subtopics #11" classname="Automates tree page" time="0.72">
    <system-out><![CDATA[
@j @tree2
Scenario Outline: subtopics                             # src/test/resources/features/tree.feature:29
  Given Shows options to read more about Tree           # stepdefinitions.Tree.shows_options_to_read_more_about_tree()
  When Clicks tree "Applications of Binary trees"       # stepdefinitions.Tree.clicks_tree(java.lang.String)
  Then Shows Explanation of tree                        # stepdefinitions.Tree.shows_explanation_of_tree()
  When Clicks tree Try here to run the program          # stepdefinitions.Tree.clicks_tree_try_here_to_run_the_program()
  Then It shows tree text area to type the phython code # stepdefinitions.Tree.it_shows_tree_text_area_to_type_the_phython_code()
  When clicks tree Run                                  # stepdefinitions.Tree.clicks_tree_run()
*****('Sum of', 1500, 'and', 1200, 'is', 2700)
  Then It runs the progam and Shows output in tree page # stepdefinitions.Tree.it_runs_the_progam_and_shows_output_in_tree_page()
]]></system-out>
  </testcase>
  <testcase name="subtopics #12" classname="Automates tree page" time="0.822">
    <system-out><![CDATA[
@j @tree2
Scenario Outline: subtopics                             # src/test/resources/features/tree.feature:30
  Given Shows options to read more about Tree           # stepdefinitions.Tree.shows_options_to_read_more_about_tree()
  When Clicks tree "Binary Search Trees"                # stepdefinitions.Tree.clicks_tree(java.lang.String)
  Then Shows Explanation of tree                        # stepdefinitions.Tree.shows_explanation_of_tree()
  When Clicks tree Try here to run the program          # stepdefinitions.Tree.clicks_tree_try_here_to_run_the_program()
  Then It shows tree text area to type the phython code # stepdefinitions.Tree.it_shows_tree_text_area_to_type_the_phython_code()
  When clicks tree Run                                  # stepdefinitions.Tree.clicks_tree_run()
*****('Sum of', 1500, 'and', 1200, 'is', 2700)
  Then It runs the progam and Shows output in tree page # stepdefinitions.Tree.it_runs_the_progam_and_shows_output_in_tree_page()
]]></system-out>
  </testcase>
  <testcase name="subtopics #13" classname="Automates tree page" time="0.77">
    <system-out><![CDATA[
@j @tree2
Scenario Outline: subtopics                             # src/test/resources/features/tree.feature:31
  Given Shows options to read more about Tree           # stepdefinitions.Tree.shows_options_to_read_more_about_tree()
  When Clicks tree "Implementation Of BST"              # stepdefinitions.Tree.clicks_tree(java.lang.String)
  Then Shows Explanation of tree                        # stepdefinitions.Tree.shows_explanation_of_tree()
  When Clicks tree Try here to run the program          # stepdefinitions.Tree.clicks_tree_try_here_to_run_the_program()
  Then It shows tree text area to type the phython code # stepdefinitions.Tree.it_shows_tree_text_area_to_type_the_phython_code()
  When clicks tree Run                                  # stepdefinitions.Tree.clicks_tree_run()
*****('Sum of', 1500, 'and', 1200, 'is', 2700)
  Then It runs the progam and Shows output in tree page # stepdefinitions.Tree.it_runs_the_progam_and_shows_output_in_tree_page()
]]></system-out>
  </testcase>
  <testcase name="signout" classname="Automates tree page" time="0.234">
    <system-out><![CDATA[
@j @treesignout
Scenario: signout                          # src/test/resources/features/tree.feature:33
  When Clicks signout from tree page       # stepdefinitions.Tree.clicks_signout_from_tree_page()
  Then logged out from tree Data structure # stepdefinitions.Tree.logged_out_from_tree_data_structure()
]]></system-out>
  </testcase>
</testsuite>